Currently using CUDA device 0: NVIDIA H200
Number of SMs: 132
Text length to process: 306594000 characters
grid:   4224,     1,     1
block:   256,     1,     1

[histo_cpu]  a-d:    36058  e-h:    48749  i-l:    24471  m-p:    40889  q-t:    45185  u-x:    13824  y-z:     4829
[histo_gpu]  a-d:    36058  e-h:    48749  i-l:    24471  m-p:    40889  q-t:    45185  u-x:    13824  y-z:     4829

################################################################
Starting Benchmark for Block Size:    32
################################################################
grid:    132,     1,     1
block:    32,     1,     1

Grid-Stride Loop Iterations: 72584
Warmup complete for histo_private_shared_memory_coarsening_interleaved
Execution time for histo_private_shared_memory_coarsening_interleaved: 30.864290 ms


-------------------------------
grid:    264,     1,     1
block:    32,     1,     1

Grid-Stride Loop Iterations: 36292
Warmup complete for histo_private_shared_memory_coarsening_interleaved
Execution time for histo_private_shared_memory_coarsening_interleaved: 15.440501 ms


-------------------------------
grid:    528,     1,     1
block:    32,     1,     1

Grid-Stride Loop Iterations: 18146
Warmup complete for histo_private_shared_memory_coarsening_interleaved
Execution time for histo_private_shared_memory_coarsening_interleaved: 7.700001 ms


-------------------------------
grid:   1056,     1,     1
block:    32,     1,     1

Grid-Stride Loop Iterations:  9073
Warmup complete for histo_private_shared_memory_coarsening_interleaved
Execution time for histo_private_shared_memory_coarsening_interleaved: 3.846446 ms


-------------------------------
grid:   2112,     1,     1
block:    32,     1,     1

Grid-Stride Loop Iterations:  4537
Warmup complete for histo_private_shared_memory_coarsening_interleaved
Execution time for histo_private_shared_memory_coarsening_interleaved: 1.934784 ms


-------------------------------
grid:   4224,     1,     1
block:    32,     1,     1

Grid-Stride Loop Iterations:  2269
Warmup complete for histo_private_shared_memory_coarsening_interleaved
Execution time for histo_private_shared_memory_coarsening_interleaved: 1.002189 ms


-------------------------------
grid:   8448,     1,     1
block:    32,     1,     1

Grid-Stride Loop Iterations:  1135
Warmup complete for histo_private_shared_memory_coarsening_interleaved
Execution time for histo_private_shared_memory_coarsening_interleaved: 1.004661 ms


-------------------------------
grid:  12672,     1,     1
block:    32,     1,     1

Grid-Stride Loop Iterations:   757
Warmup complete for histo_private_shared_memory_coarsening_interleaved
Execution time for histo_private_shared_memory_coarsening_interleaved: 1.003508 ms


-------------------------------
grid:  16896,     1,     1
block:    32,     1,     1

Grid-Stride Loop Iterations:   568
Warmup complete for histo_private_shared_memory_coarsening_interleaved
Execution time for histo_private_shared_memory_coarsening_interleaved: 1.003527 ms


-------------------------------
grid:  25344,     1,     1
block:    32,     1,     1

Grid-Stride Loop Iterations:   379
Warmup complete for histo_private_shared_memory_coarsening_interleaved
Execution time for histo_private_shared_memory_coarsening_interleaved: 1.000545 ms


-------------------------------
grid:  33792,     1,     1
block:    32,     1,     1

Grid-Stride Loop Iterations:   284
Warmup complete for histo_private_shared_memory_coarsening_interleaved
Execution time for histo_private_shared_memory_coarsening_interleaved: 1.001776 ms


-------------------------------
grid:  50688,     1,     1
block:    32,     1,     1

Grid-Stride Loop Iterations:   190
Warmup complete for histo_private_shared_memory_coarsening_interleaved
Execution time for histo_private_shared_memory_coarsening_interleaved: 1.001477 ms


-------------------------------
grid:  67584,     1,     1
block:    32,     1,     1

Grid-Stride Loop Iterations:   142
Warmup complete for histo_private_shared_memory_coarsening_interleaved
Execution time for histo_private_shared_memory_coarsening_interleaved: 1.002506 ms


-------------------------------
grid:  101376,     1,     1
block:    32,     1,     1

Grid-Stride Loop Iterations:    95
Warmup complete for histo_private_shared_memory_coarsening_interleaved
Execution time for histo_private_shared_memory_coarsening_interleaved: 0.997579 ms


-------------------------------
grid:  135168,     1,     1
block:    32,     1,     1

Grid-Stride Loop Iterations:    71
Warmup complete for histo_private_shared_memory_coarsening_interleaved
Execution time for histo_private_shared_memory_coarsening_interleaved: 0.994345 ms


-------------------------------
grid:  202752,     1,     1
block:    32,     1,     1

Grid-Stride Loop Iterations:    48
Warmup complete for histo_private_shared_memory_coarsening_interleaved
Execution time for histo_private_shared_memory_coarsening_interleaved: 1.009670 ms


-------------------------------
grid:  270336,     1,     1
block:    32,     1,     1

Grid-Stride Loop Iterations:    36
Warmup complete for histo_private_shared_memory_coarsening_interleaved
Execution time for histo_private_shared_memory_coarsening_interleaved: 1.019402 ms


-------------------------------

################################################################
Starting Benchmark for Block Size:    64
################################################################
grid:    132,     1,     1
block:    64,     1,     1

Grid-Stride Loop Iterations: 36292
Warmup complete for histo_private_shared_memory_coarsening_interleaved
Execution time for histo_private_shared_memory_coarsening_interleaved: 15.672145 ms


-------------------------------
grid:    264,     1,     1
block:    64,     1,     1

Grid-Stride Loop Iterations: 18146
Warmup complete for histo_private_shared_memory_coarsening_interleaved
Execution time for histo_private_shared_memory_coarsening_interleaved: 7.837686 ms


-------------------------------
grid:    528,     1,     1
block:    64,     1,     1

Grid-Stride Loop Iterations:  9073
Warmup complete for histo_private_shared_memory_coarsening_interleaved
Execution time for histo_private_shared_memory_coarsening_interleaved: 3.931893 ms


-------------------------------
grid:   1056,     1,     1
block:    64,     1,     1

Grid-Stride Loop Iterations:  4537
Warmup complete for histo_private_shared_memory_coarsening_interleaved
Execution time for histo_private_shared_memory_coarsening_interleaved: 1.963209 ms


-------------------------------
grid:   2112,     1,     1
block:    64,     1,     1

Grid-Stride Loop Iterations:  2269
Warmup complete for histo_private_shared_memory_coarsening_interleaved
Execution time for histo_private_shared_memory_coarsening_interleaved: 1.008317 ms


-------------------------------
grid:   4224,     1,     1
block:    64,     1,     1

Grid-Stride Loop Iterations:  1135
Warmup complete for histo_private_shared_memory_coarsening_interleaved
Execution time for histo_private_shared_memory_coarsening_interleaved: 0.597751 ms


-------------------------------
grid:   8448,     1,     1
block:    64,     1,     1

Grid-Stride Loop Iterations:   568
Warmup complete for histo_private_shared_memory_coarsening_interleaved
Execution time for histo_private_shared_memory_coarsening_interleaved: 0.592033 ms


-------------------------------
grid:  12672,     1,     1
block:    64,     1,     1

Grid-Stride Loop Iterations:   379
Warmup complete for histo_private_shared_memory_coarsening_interleaved
Execution time for histo_private_shared_memory_coarsening_interleaved: 0.587995 ms


-------------------------------
grid:  16896,     1,     1
block:    64,     1,     1

Grid-Stride Loop Iterations:   284
Warmup complete for histo_private_shared_memory_coarsening_interleaved
Execution time for histo_private_shared_memory_coarsening_interleaved: 0.584886 ms


-------------------------------
grid:  25344,     1,     1
block:    64,     1,     1

Grid-Stride Loop Iterations:   190
Warmup complete for histo_private_shared_memory_coarsening_interleaved
Execution time for histo_private_shared_memory_coarsening_interleaved: 0.579796 ms


-------------------------------
grid:  33792,     1,     1
block:    64,     1,     1

Grid-Stride Loop Iterations:   142
Warmup complete for histo_private_shared_memory_coarsening_interleaved
Execution time for histo_private_shared_memory_coarsening_interleaved: 0.577818 ms


-------------------------------
grid:  50688,     1,     1
block:    64,     1,     1

Grid-Stride Loop Iterations:    95
Warmup complete for histo_private_shared_memory_coarsening_interleaved
Execution time for histo_private_shared_memory_coarsening_interleaved: 0.570611 ms


-------------------------------
grid:  67584,     1,     1
block:    64,     1,     1

Grid-Stride Loop Iterations:    71
Warmup complete for histo_private_shared_memory_coarsening_interleaved
Execution time for histo_private_shared_memory_coarsening_interleaved: 0.568923 ms


-------------------------------
grid:  101376,     1,     1
block:    64,     1,     1

Grid-Stride Loop Iterations:    48
Warmup complete for histo_private_shared_memory_coarsening_interleaved
Execution time for histo_private_shared_memory_coarsening_interleaved: 0.572001 ms


-------------------------------
grid:  135168,     1,     1
block:    64,     1,     1

Grid-Stride Loop Iterations:    36
Warmup complete for histo_private_shared_memory_coarsening_interleaved
Execution time for histo_private_shared_memory_coarsening_interleaved: 0.577863 ms


-------------------------------
grid:  202752,     1,     1
block:    64,     1,     1

Grid-Stride Loop Iterations:    24
Warmup complete for histo_private_shared_memory_coarsening_interleaved
Execution time for histo_private_shared_memory_coarsening_interleaved: 0.592718 ms


-------------------------------
grid:  270336,     1,     1
block:    64,     1,     1

Grid-Stride Loop Iterations:    18
Warmup complete for histo_private_shared_memory_coarsening_interleaved
Execution time for histo_private_shared_memory_coarsening_interleaved: 0.610171 ms


-------------------------------

################################################################
Starting Benchmark for Block Size:   128
################################################################
grid:    132,     1,     1
block:   128,     1,     1

Grid-Stride Loop Iterations: 18146
Warmup complete for histo_private_shared_memory_coarsening_interleaved
Execution time for histo_private_shared_memory_coarsening_interleaved: 7.902251 ms


-------------------------------
grid:    264,     1,     1
block:   128,     1,     1

Grid-Stride Loop Iterations:  9073
Warmup complete for histo_private_shared_memory_coarsening_interleaved
Execution time for histo_private_shared_memory_coarsening_interleaved: 3.920090 ms


-------------------------------
grid:    528,     1,     1
block:   128,     1,     1

Grid-Stride Loop Iterations:  4537
Warmup complete for histo_private_shared_memory_coarsening_interleaved
Execution time for histo_private_shared_memory_coarsening_interleaved: 1.943261 ms


-------------------------------
grid:   1056,     1,     1
block:   128,     1,     1

Grid-Stride Loop Iterations:  2269
Warmup complete for histo_private_shared_memory_coarsening_interleaved
Execution time for histo_private_shared_memory_coarsening_interleaved: 0.996777 ms


-------------------------------
grid:   2112,     1,     1
block:   128,     1,     1

Grid-Stride Loop Iterations:  1135
Warmup complete for histo_private_shared_memory_coarsening_interleaved
Execution time for histo_private_shared_memory_coarsening_interleaved: 0.587959 ms


-------------------------------
grid:   4224,     1,     1
block:   128,     1,     1

Grid-Stride Loop Iterations:   568
Warmup complete for histo_private_shared_memory_coarsening_interleaved
Execution time for histo_private_shared_memory_coarsening_interleaved: 0.583438 ms


-------------------------------
grid:   8448,     1,     1
block:   128,     1,     1

Grid-Stride Loop Iterations:   284
Warmup complete for histo_private_shared_memory_coarsening_interleaved
Execution time for histo_private_shared_memory_coarsening_interleaved: 0.578280 ms


-------------------------------
grid:  12672,     1,     1
block:   128,     1,     1

Grid-Stride Loop Iterations:   190
Warmup complete for histo_private_shared_memory_coarsening_interleaved
Execution time for histo_private_shared_memory_coarsening_interleaved: 0.574910 ms


-------------------------------
grid:  16896,     1,     1
block:   128,     1,     1

Grid-Stride Loop Iterations:   142
Warmup complete for histo_private_shared_memory_coarsening_interleaved
Execution time for histo_private_shared_memory_coarsening_interleaved: 0.573532 ms


-------------------------------
grid:  25344,     1,     1
block:   128,     1,     1

Grid-Stride Loop Iterations:    95
Warmup complete for histo_private_shared_memory_coarsening_interleaved
Execution time for histo_private_shared_memory_coarsening_interleaved: 0.568119 ms


-------------------------------
grid:  33792,     1,     1
block:   128,     1,     1

Grid-Stride Loop Iterations:    71
Warmup complete for histo_private_shared_memory_coarsening_interleaved
Execution time for histo_private_shared_memory_coarsening_interleaved: 0.566049 ms


-------------------------------
grid:  50688,     1,     1
block:   128,     1,     1

Grid-Stride Loop Iterations:    48
Warmup complete for histo_private_shared_memory_coarsening_interleaved
Execution time for histo_private_shared_memory_coarsening_interleaved: 0.569569 ms


-------------------------------
grid:  67584,     1,     1
block:   128,     1,     1

Grid-Stride Loop Iterations:    36
Warmup complete for histo_private_shared_memory_coarsening_interleaved
Execution time for histo_private_shared_memory_coarsening_interleaved: 0.575245 ms


-------------------------------
grid:  101376,     1,     1
block:   128,     1,     1

Grid-Stride Loop Iterations:    24
Warmup complete for histo_private_shared_memory_coarsening_interleaved
Execution time for histo_private_shared_memory_coarsening_interleaved: 0.590186 ms


-------------------------------
grid:  135168,     1,     1
block:   128,     1,     1

Grid-Stride Loop Iterations:    18
Warmup complete for histo_private_shared_memory_coarsening_interleaved
Execution time for histo_private_shared_memory_coarsening_interleaved: 0.607297 ms


-------------------------------
grid:  202752,     1,     1
block:   128,     1,     1

Grid-Stride Loop Iterations:    12
Warmup complete for histo_private_shared_memory_coarsening_interleaved
Execution time for histo_private_shared_memory_coarsening_interleaved: 0.638875 ms


-------------------------------
grid:  270336,     1,     1
block:   128,     1,     1

Grid-Stride Loop Iterations:     9
Warmup complete for histo_private_shared_memory_coarsening_interleaved
Execution time for histo_private_shared_memory_coarsening_interleaved: 0.673197 ms


-------------------------------

################################################################
Starting Benchmark for Block Size:   256
################################################################
grid:    132,     1,     1
block:   256,     1,     1

Grid-Stride Loop Iterations:  9073
Warmup complete for histo_private_shared_memory_coarsening_interleaved
Execution time for histo_private_shared_memory_coarsening_interleaved: 3.932530 ms


-------------------------------
grid:    264,     1,     1
block:   256,     1,     1

Grid-Stride Loop Iterations:  4537
Warmup complete for histo_private_shared_memory_coarsening_interleaved
Execution time for histo_private_shared_memory_coarsening_interleaved: 1.946049 ms


-------------------------------
grid:    528,     1,     1
block:   256,     1,     1

Grid-Stride Loop Iterations:  2269
Warmup complete for histo_private_shared_memory_coarsening_interleaved
Execution time for histo_private_shared_memory_coarsening_interleaved: 0.998165 ms


-------------------------------
grid:   1056,     1,     1
block:   256,     1,     1

Grid-Stride Loop Iterations:  1135
Warmup complete for histo_private_shared_memory_coarsening_interleaved
Execution time for histo_private_shared_memory_coarsening_interleaved: 0.586850 ms


-------------------------------
grid:   2112,     1,     1
block:   256,     1,     1

Grid-Stride Loop Iterations:   568
Warmup complete for histo_private_shared_memory_coarsening_interleaved
Execution time for histo_private_shared_memory_coarsening_interleaved: 0.583808 ms


-------------------------------
grid:   4224,     1,     1
block:   256,     1,     1

Grid-Stride Loop Iterations:   284
Warmup complete for histo_private_shared_memory_coarsening_interleaved
Execution time for histo_private_shared_memory_coarsening_interleaved: 0.580812 ms


-------------------------------
grid:   8448,     1,     1
block:   256,     1,     1

Grid-Stride Loop Iterations:   142
Warmup complete for histo_private_shared_memory_coarsening_interleaved
Execution time for histo_private_shared_memory_coarsening_interleaved: 0.579538 ms


-------------------------------
grid:  12672,     1,     1
block:   256,     1,     1

Grid-Stride Loop Iterations:    95
Warmup complete for histo_private_shared_memory_coarsening_interleaved
Execution time for histo_private_shared_memory_coarsening_interleaved: 0.576236 ms


-------------------------------
grid:  16896,     1,     1
block:   256,     1,     1

Grid-Stride Loop Iterations:    71
Warmup complete for histo_private_shared_memory_coarsening_interleaved
Execution time for histo_private_shared_memory_coarsening_interleaved: 0.575540 ms


-------------------------------
grid:  25344,     1,     1
block:   256,     1,     1

Grid-Stride Loop Iterations:    48
Warmup complete for histo_private_shared_memory_coarsening_interleaved
Execution time for histo_private_shared_memory_coarsening_interleaved: 0.580334 ms


-------------------------------
grid:  33792,     1,     1
block:   256,     1,     1

Grid-Stride Loop Iterations:    36
Warmup complete for histo_private_shared_memory_coarsening_interleaved
Execution time for histo_private_shared_memory_coarsening_interleaved: 0.587477 ms


-------------------------------
grid:  50688,     1,     1
block:   256,     1,     1

Grid-Stride Loop Iterations:    24
Warmup complete for histo_private_shared_memory_coarsening_interleaved
Execution time for histo_private_shared_memory_coarsening_interleaved: 0.604493 ms


-------------------------------
grid:  67584,     1,     1
block:   256,     1,     1

Grid-Stride Loop Iterations:    18
Warmup complete for histo_private_shared_memory_coarsening_interleaved
Execution time for histo_private_shared_memory_coarsening_interleaved: 0.623669 ms


-------------------------------
grid:  101376,     1,     1
block:   256,     1,     1

Grid-Stride Loop Iterations:    12
Warmup complete for histo_private_shared_memory_coarsening_interleaved
Execution time for histo_private_shared_memory_coarsening_interleaved: 0.657726 ms


-------------------------------
grid:  135168,     1,     1
block:   256,     1,     1

Grid-Stride Loop Iterations:     9
Warmup complete for histo_private_shared_memory_coarsening_interleaved
Execution time for histo_private_shared_memory_coarsening_interleaved: 0.694487 ms


-------------------------------
grid:  202752,     1,     1
block:   256,     1,     1

Grid-Stride Loop Iterations:     6
Warmup complete for histo_private_shared_memory_coarsening_interleaved
Execution time for histo_private_shared_memory_coarsening_interleaved: 0.765792 ms


-------------------------------
grid:  270336,     1,     1
block:   256,     1,     1

Grid-Stride Loop Iterations:     5
Warmup complete for histo_private_shared_memory_coarsening_interleaved
Execution time for histo_private_shared_memory_coarsening_interleaved: 0.838181 ms


-------------------------------

################################################################
Starting Benchmark for Block Size:   512
################################################################
grid:    132,     1,     1
block:   512,     1,     1

Grid-Stride Loop Iterations:  4537
Warmup complete for histo_private_shared_memory_coarsening_interleaved
Execution time for histo_private_shared_memory_coarsening_interleaved: 1.965286 ms


-------------------------------
grid:    264,     1,     1
block:   512,     1,     1

Grid-Stride Loop Iterations:  2269
Warmup complete for histo_private_shared_memory_coarsening_interleaved
Execution time for histo_private_shared_memory_coarsening_interleaved: 0.997242 ms


-------------------------------
grid:    528,     1,     1
block:   512,     1,     1

Grid-Stride Loop Iterations:  1135
Warmup complete for histo_private_shared_memory_coarsening_interleaved
Execution time for histo_private_shared_memory_coarsening_interleaved: 0.583455 ms


-------------------------------
grid:   1056,     1,     1
block:   512,     1,     1

Grid-Stride Loop Iterations:   568
Warmup complete for histo_private_shared_memory_coarsening_interleaved
Execution time for histo_private_shared_memory_coarsening_interleaved: 0.582560 ms


-------------------------------
grid:   2112,     1,     1
block:   512,     1,     1

Grid-Stride Loop Iterations:   284
Warmup complete for histo_private_shared_memory_coarsening_interleaved
Execution time for histo_private_shared_memory_coarsening_interleaved: 0.582150 ms


-------------------------------
grid:   4224,     1,     1
block:   512,     1,     1

Grid-Stride Loop Iterations:   142
Warmup complete for histo_private_shared_memory_coarsening_interleaved
Execution time for histo_private_shared_memory_coarsening_interleaved: 0.584174 ms


-------------------------------
grid:   8448,     1,     1
block:   512,     1,     1

Grid-Stride Loop Iterations:    71
Warmup complete for histo_private_shared_memory_coarsening_interleaved
Execution time for histo_private_shared_memory_coarsening_interleaved: 0.586804 ms


-------------------------------
grid:  12672,     1,     1
block:   512,     1,     1

Grid-Stride Loop Iterations:    48
Warmup complete for histo_private_shared_memory_coarsening_interleaved
Execution time for histo_private_shared_memory_coarsening_interleaved: 0.593543 ms


-------------------------------
grid:  16896,     1,     1
block:   512,     1,     1

Grid-Stride Loop Iterations:    36
Warmup complete for histo_private_shared_memory_coarsening_interleaved
Execution time for histo_private_shared_memory_coarsening_interleaved: 0.603191 ms


-------------------------------
grid:  25344,     1,     1
block:   512,     1,     1

Grid-Stride Loop Iterations:    24
Warmup complete for histo_private_shared_memory_coarsening_interleaved
Execution time for histo_private_shared_memory_coarsening_interleaved: 0.623844 ms


-------------------------------
grid:  33792,     1,     1
block:   512,     1,     1

Grid-Stride Loop Iterations:    18
Warmup complete for histo_private_shared_memory_coarsening_interleaved
Execution time for histo_private_shared_memory_coarsening_interleaved: 0.646651 ms


-------------------------------
grid:  50688,     1,     1
block:   512,     1,     1

Grid-Stride Loop Iterations:    12
Warmup complete for histo_private_shared_memory_coarsening_interleaved
Execution time for histo_private_shared_memory_coarsening_interleaved: 0.686261 ms


-------------------------------
grid:  67584,     1,     1
block:   512,     1,     1

Grid-Stride Loop Iterations:     9
Warmup complete for histo_private_shared_memory_coarsening_interleaved
Execution time for histo_private_shared_memory_coarsening_interleaved: 0.728760 ms


-------------------------------
grid:  101376,     1,     1
block:   512,     1,     1

Grid-Stride Loop Iterations:     6
Warmup complete for histo_private_shared_memory_coarsening_interleaved
Execution time for histo_private_shared_memory_coarsening_interleaved: 0.807859 ms


-------------------------------
grid:  135168,     1,     1
block:   512,     1,     1

Grid-Stride Loop Iterations:     5
Warmup complete for histo_private_shared_memory_coarsening_interleaved
Execution time for histo_private_shared_memory_coarsening_interleaved: 0.885943 ms


-------------------------------
grid:  202752,     1,     1
block:   512,     1,     1

Grid-Stride Loop Iterations:     3
Warmup complete for histo_private_shared_memory_coarsening_interleaved
Execution time for histo_private_shared_memory_coarsening_interleaved: 1.045292 ms


-------------------------------
grid:  270336,     1,     1
block:   512,     1,     1

Grid-Stride Loop Iterations:     3
Warmup complete for histo_private_shared_memory_coarsening_interleaved
Execution time for histo_private_shared_memory_coarsening_interleaved: 1.197812 ms


-------------------------------

################################################################
Starting Benchmark for Block Size:  1024
################################################################
grid:    132,     1,     1
block:  1024,     1,     1

Grid-Stride Loop Iterations:  2269
Warmup complete for histo_private_shared_memory_coarsening_interleaved
Execution time for histo_private_shared_memory_coarsening_interleaved: 1.008075 ms


-------------------------------
grid:    264,     1,     1
block:  1024,     1,     1

Grid-Stride Loop Iterations:  1135
Warmup complete for histo_private_shared_memory_coarsening_interleaved
Execution time for histo_private_shared_memory_coarsening_interleaved: 0.580271 ms


-------------------------------
grid:    528,     1,     1
block:  1024,     1,     1

Grid-Stride Loop Iterations:   568
Warmup complete for histo_private_shared_memory_coarsening_interleaved
Execution time for histo_private_shared_memory_coarsening_interleaved: 0.583419 ms


-------------------------------
grid:   1056,     1,     1
block:  1024,     1,     1

Grid-Stride Loop Iterations:   284
Warmup complete for histo_private_shared_memory_coarsening_interleaved
Execution time for histo_private_shared_memory_coarsening_interleaved: 0.587330 ms


-------------------------------
grid:   2112,     1,     1
block:  1024,     1,     1

Grid-Stride Loop Iterations:   142
Warmup complete for histo_private_shared_memory_coarsening_interleaved
Execution time for histo_private_shared_memory_coarsening_interleaved: 0.596349 ms


-------------------------------
grid:   4224,     1,     1
block:  1024,     1,     1

Grid-Stride Loop Iterations:    71
Warmup complete for histo_private_shared_memory_coarsening_interleaved
Execution time for histo_private_shared_memory_coarsening_interleaved: 0.611760 ms


-------------------------------
grid:   8448,     1,     1
block:  1024,     1,     1

Grid-Stride Loop Iterations:    36
Warmup complete for histo_private_shared_memory_coarsening_interleaved
Execution time for histo_private_shared_memory_coarsening_interleaved: 0.638875 ms


-------------------------------
grid:  12672,     1,     1
block:  1024,     1,     1

Grid-Stride Loop Iterations:    24
Warmup complete for histo_private_shared_memory_coarsening_interleaved
Execution time for histo_private_shared_memory_coarsening_interleaved: 0.667728 ms


-------------------------------
grid:  16896,     1,     1
block:  1024,     1,     1

Grid-Stride Loop Iterations:    18
Warmup complete for histo_private_shared_memory_coarsening_interleaved
Execution time for histo_private_shared_memory_coarsening_interleaved: 0.698444 ms


-------------------------------
grid:  25344,     1,     1
block:  1024,     1,     1

Grid-Stride Loop Iterations:    12
Warmup complete for histo_private_shared_memory_coarsening_interleaved
Execution time for histo_private_shared_memory_coarsening_interleaved: 0.752008 ms


-------------------------------
grid:  33792,     1,     1
block:  1024,     1,     1

Grid-Stride Loop Iterations:     9
Warmup complete for histo_private_shared_memory_coarsening_interleaved
Execution time for histo_private_shared_memory_coarsening_interleaved: 0.806692 ms


-------------------------------
grid:  50688,     1,     1
block:  1024,     1,     1

Grid-Stride Loop Iterations:     6
Warmup complete for histo_private_shared_memory_coarsening_interleaved
Execution time for histo_private_shared_memory_coarsening_interleaved: 0.906267 ms


-------------------------------
grid:  67584,     1,     1
block:  1024,     1,     1

Grid-Stride Loop Iterations:     5
Warmup complete for histo_private_shared_memory_coarsening_interleaved
Execution time for histo_private_shared_memory_coarsening_interleaved: 1.001201 ms


-------------------------------
grid:  101376,     1,     1
block:  1024,     1,     1

Grid-Stride Loop Iterations:     3
Warmup complete for histo_private_shared_memory_coarsening_interleaved
Execution time for histo_private_shared_memory_coarsening_interleaved: 1.185417 ms


-------------------------------
grid:  135168,     1,     1
block:  1024,     1,     1

Grid-Stride Loop Iterations:     3
Warmup complete for histo_private_shared_memory_coarsening_interleaved
Execution time for histo_private_shared_memory_coarsening_interleaved: 1.363869 ms


-------------------------------
grid:  202752,     1,     1
block:  1024,     1,     1

Grid-Stride Loop Iterations:     2
Warmup complete for histo_private_shared_memory_coarsening_interleaved
Execution time for histo_private_shared_memory_coarsening_interleaved: 1.677239 ms


-------------------------------
grid:  270336,     1,     1
block:  1024,     1,     1

Grid-Stride Loop Iterations:     2
Warmup complete for histo_private_shared_memory_coarsening_interleaved
Execution time for histo_private_shared_memory_coarsening_interleaved: 1.979772 ms


-------------------------------
