Currently using CUDA device 0: NVIDIA H200
Number of SMs: 132
Text length to process: 306594000 characters
grid:   4224,     1,     1
block:   256,     1,     1

========== [histo_cpu] (Non-zero Bins) ==========
[ 10 | \n   ]:     6781    [ 13 | \r   ]:     6781    [ 32 | SPC  ]:    47272    [ 33 | '!'  ]:      125    [ 35 | '#'  ]:        1    [ 36 | '$'  ]:        4    [ 37 | '%'  ]:        1    
[ 40 | '('  ]:       24    [ 41 | ')'  ]:       24    [ 42 | '*'  ]:       18    [ 44 | ','  ]:     3114    [ 45 | '-'  ]:     2059    [ 46 | '.'  ]:     3330    [ 47 | '/'  ]:        6    
[ 48 | '0'  ]:       40    [ 49 | '1'  ]:       74    [ 50 | '2'  ]:       16    [ 51 | '3'  ]:       19    [ 52 | '4'  ]:       11    [ 53 | '5'  ]:       19    [ 54 | '6'  ]:       14    
[ 55 | '7'  ]:        8    [ 56 | '8'  ]:       12    [ 57 | '9'  ]:       18    [ 58 | ':'  ]:       94    [ 59 | ';'  ]:       74    [ 63 | '?'  ]:      328    [ 65 | 'A'  ]:      397    
[ 66 | 'B'  ]:      260    [ 67 | 'C'  ]:      207    [ 68 | 'D'  ]:      344    [ 69 | 'E'  ]:      243    [ 70 | 'F'  ]:      157    [ 71 | 'G'  ]:      495    [ 72 | 'H'  ]:      447    
[ 73 | 'I'  ]:     1762    [ 74 | 'J'  ]:      148    [ 75 | 'K'  ]:       42    [ 76 | 'L'  ]:      148    [ 77 | 'M'  ]:      334    [ 78 | 'N'  ]:      216    [ 79 | 'O'  ]:      198    
[ 80 | 'P'  ]:      173    [ 81 | 'Q'  ]:        5    [ 82 | 'R'  ]:      110    [ 83 | 'S'  ]:      400    [ 84 | 'T'  ]:      793    [ 85 | 'U'  ]:       61    [ 86 | 'V'  ]:       37    
[ 87 | 'W'  ]:      509    [ 88 | 'X'  ]:        4    [ 89 | 'Y'  ]:      211    [ 90 | 'Z'  ]:        1    [ 91 | '['  ]:        3    [ 93 | ']'  ]:        3    [ 97 | 'a'  ]:    17782    
[ 98 | 'b'  ]:     3215    [ 99 | 'c'  ]:     4958    [100 | 'd'  ]:    10103    [101 | 'e'  ]:    26748    [102 | 'f'  ]:     4430    [103 | 'g'  ]:     4828    [104 | 'h'  ]:    12743    
[105 | 'i'  ]:    13527    [106 | 'j'  ]:      290    [107 | 'k'  ]:     2062    [108 | 'l'  ]:     8592    [109 | 'm'  ]:     5481    [110 | 'n'  ]:    15041    [111 | 'o'  ]:    17045    
[112 | 'p'  ]:     3322    [113 | 'q'  ]:      166    [114 | 'r'  ]:    12463    [115 | 's'  ]:    13051    [116 | 't'  ]:    19505    [117 | 'u'  ]:     6296    [118 | 'v'  ]:     1987    
[119 | 'w'  ]:     5226    [120 | 'x'  ]:      315    [121 | 'y'  ]:     4682    [122 | 'z'  ]:      147    [128 | 0x80 ]:     4800    [132 | 0x84 ]:       57    [138 | 0x8A ]:       12    
[148 | 0x94 ]:      419    [152 | 0x98 ]:       26    [153 | 0x99 ]:     1352    [156 | 0x9C ]:     1468    [157 | 0x9D ]:     1465    [162 | 0xA2 ]:       61    [166 | 0xA6 ]:       54    
[167 | 0xA7 ]:        1    [169 | 0xA9 ]:       17    [170 | 0xAA ]:        1    [180 | 0xB4 ]:        1    [187 | 0xBB ]:        1    [191 | 0xBF ]:        1    [195 | 0xC3 ]:       20    
[226 | 0xE2 ]:     4857    [239 | 0xEF ]:        1    
==================================================

========== [histo_gpu] (Non-zero Bins) ==========
[ 10 | \n   ]:     6781    [ 13 | \r   ]:     6781    [ 32 | SPC  ]:    47272    [ 33 | '!'  ]:      125    [ 35 | '#'  ]:        1    [ 36 | '$'  ]:        4    [ 37 | '%'  ]:        1    
[ 40 | '('  ]:       24    [ 41 | ')'  ]:       24    [ 42 | '*'  ]:       18    [ 44 | ','  ]:     3114    [ 45 | '-'  ]:     2059    [ 46 | '.'  ]:     3330    [ 47 | '/'  ]:        6    
[ 48 | '0'  ]:       40    [ 49 | '1'  ]:       74    [ 50 | '2'  ]:       16    [ 51 | '3'  ]:       19    [ 52 | '4'  ]:       11    [ 53 | '5'  ]:       19    [ 54 | '6'  ]:       14    
[ 55 | '7'  ]:        8    [ 56 | '8'  ]:       12    [ 57 | '9'  ]:       18    [ 58 | ':'  ]:       94    [ 59 | ';'  ]:       74    [ 63 | '?'  ]:      328    [ 65 | 'A'  ]:      397    
[ 66 | 'B'  ]:      260    [ 67 | 'C'  ]:      207    [ 68 | 'D'  ]:      344    [ 69 | 'E'  ]:      243    [ 70 | 'F'  ]:      157    [ 71 | 'G'  ]:      495    [ 72 | 'H'  ]:      447    
[ 73 | 'I'  ]:     1762    [ 74 | 'J'  ]:      148    [ 75 | 'K'  ]:       42    [ 76 | 'L'  ]:      148    [ 77 | 'M'  ]:      334    [ 78 | 'N'  ]:      216    [ 79 | 'O'  ]:      198    
[ 80 | 'P'  ]:      173    [ 81 | 'Q'  ]:        5    [ 82 | 'R'  ]:      110    [ 83 | 'S'  ]:      400    [ 84 | 'T'  ]:      793    [ 85 | 'U'  ]:       61    [ 86 | 'V'  ]:       37    
[ 87 | 'W'  ]:      509    [ 88 | 'X'  ]:        4    [ 89 | 'Y'  ]:      211    [ 90 | 'Z'  ]:        1    [ 91 | '['  ]:        3    [ 93 | ']'  ]:        3    [ 97 | 'a'  ]:    17782    
[ 98 | 'b'  ]:     3215    [ 99 | 'c'  ]:     4958    [100 | 'd'  ]:    10103    [101 | 'e'  ]:    26748    [102 | 'f'  ]:     4430    [103 | 'g'  ]:     4828    [104 | 'h'  ]:    12743    
[105 | 'i'  ]:    13527    [106 | 'j'  ]:      290    [107 | 'k'  ]:     2062    [108 | 'l'  ]:     8592    [109 | 'm'  ]:     5481    [110 | 'n'  ]:    15041    [111 | 'o'  ]:    17045    
[112 | 'p'  ]:     3322    [113 | 'q'  ]:      166    [114 | 'r'  ]:    12463    [115 | 's'  ]:    13051    [116 | 't'  ]:    19505    [117 | 'u'  ]:     6296    [118 | 'v'  ]:     1987    
[119 | 'w'  ]:     5226    [120 | 'x'  ]:      315    [121 | 'y'  ]:     4682    [122 | 'z'  ]:      147    [128 | 0x80 ]:     4800    [132 | 0x84 ]:       57    [138 | 0x8A ]:       12    
[148 | 0x94 ]:      419    [152 | 0x98 ]:       26    [153 | 0x99 ]:     1352    [156 | 0x9C ]:     1468    [157 | 0x9D ]:     1465    [162 | 0xA2 ]:       61    [166 | 0xA6 ]:       54    
[167 | 0xA7 ]:        1    [169 | 0xA9 ]:       17    [170 | 0xAA ]:        1    [180 | 0xB4 ]:        1    [187 | 0xBB ]:        1    [191 | 0xBF ]:        1    [195 | 0xC3 ]:       20    
[226 | 0xE2 ]:     4857    [239 | 0xEF ]:        1    
==================================================


################################################################
Starting Benchmark for Block Size:    32
################################################################
grid:    132,     1,     1
block:    32,     1,     1

Grid-Stride Loop Iterations: 72584
Warmup complete for histo_private_shared_memory_coarsening_interleaved
Execution time for histo_private_shared_memory_coarsening_interleaved: 25.672115 ms


-------------------------------
grid:    264,     1,     1
block:    32,     1,     1

Grid-Stride Loop Iterations: 36292
Warmup complete for histo_private_shared_memory_coarsening_interleaved
Execution time for histo_private_shared_memory_coarsening_interleaved: 12.895085 ms


-------------------------------
grid:    528,     1,     1
block:    32,     1,     1

Grid-Stride Loop Iterations: 18146
Warmup complete for histo_private_shared_memory_coarsening_interleaved
Execution time for histo_private_shared_memory_coarsening_interleaved: 6.407738 ms


-------------------------------
grid:   1056,     1,     1
block:    32,     1,     1

Grid-Stride Loop Iterations:  9073
Warmup complete for histo_private_shared_memory_coarsening_interleaved
Execution time for histo_private_shared_memory_coarsening_interleaved: 3.166293 ms


-------------------------------
grid:   2112,     1,     1
block:    32,     1,     1

Grid-Stride Loop Iterations:  4537
Warmup complete for histo_private_shared_memory_coarsening_interleaved
Execution time for histo_private_shared_memory_coarsening_interleaved: 1.569037 ms


-------------------------------
grid:   4224,     1,     1
block:    32,     1,     1

Grid-Stride Loop Iterations:  2269
Warmup complete for histo_private_shared_memory_coarsening_interleaved
Execution time for histo_private_shared_memory_coarsening_interleaved: 0.800562 ms


-------------------------------
grid:   8448,     1,     1
block:    32,     1,     1

Grid-Stride Loop Iterations:  1135
Warmup complete for histo_private_shared_memory_coarsening_interleaved
Execution time for histo_private_shared_memory_coarsening_interleaved: 0.815168 ms


-------------------------------
grid:  12672,     1,     1
block:    32,     1,     1

Grid-Stride Loop Iterations:   757
Warmup complete for histo_private_shared_memory_coarsening_interleaved
Execution time for histo_private_shared_memory_coarsening_interleaved: 0.823282 ms


-------------------------------
grid:  16896,     1,     1
block:    32,     1,     1

Grid-Stride Loop Iterations:   568
Warmup complete for histo_private_shared_memory_coarsening_interleaved
Execution time for histo_private_shared_memory_coarsening_interleaved: 0.832974 ms


-------------------------------
grid:  25344,     1,     1
block:    32,     1,     1

Grid-Stride Loop Iterations:   379
Warmup complete for histo_private_shared_memory_coarsening_interleaved
Execution time for histo_private_shared_memory_coarsening_interleaved: 0.841345 ms


-------------------------------
grid:  33792,     1,     1
block:    32,     1,     1

Grid-Stride Loop Iterations:   284
Warmup complete for histo_private_shared_memory_coarsening_interleaved
Execution time for histo_private_shared_memory_coarsening_interleaved: 0.845874 ms


-------------------------------
grid:  50688,     1,     1
block:    32,     1,     1

Grid-Stride Loop Iterations:   190
Warmup complete for histo_private_shared_memory_coarsening_interleaved
Execution time for histo_private_shared_memory_coarsening_interleaved: 0.843754 ms


-------------------------------
grid:  67584,     1,     1
block:    32,     1,     1

Grid-Stride Loop Iterations:   142
Warmup complete for histo_private_shared_memory_coarsening_interleaved
Execution time for histo_private_shared_memory_coarsening_interleaved: 0.841872 ms


-------------------------------
grid:  101376,     1,     1
block:    32,     1,     1

Grid-Stride Loop Iterations:    95
Warmup complete for histo_private_shared_memory_coarsening_interleaved
Execution time for histo_private_shared_memory_coarsening_interleaved: 0.848044 ms


-------------------------------
grid:  135168,     1,     1
block:    32,     1,     1

Grid-Stride Loop Iterations:    71
Warmup complete for histo_private_shared_memory_coarsening_interleaved
Execution time for histo_private_shared_memory_coarsening_interleaved: 0.940033 ms


-------------------------------
grid:  202752,     1,     1
block:    32,     1,     1

Grid-Stride Loop Iterations:    48
Warmup complete for histo_private_shared_memory_coarsening_interleaved
Execution time for histo_private_shared_memory_coarsening_interleaved: 1.313867 ms


-------------------------------
grid:  270336,     1,     1
block:    32,     1,     1

Grid-Stride Loop Iterations:    36
Warmup complete for histo_private_shared_memory_coarsening_interleaved
Execution time for histo_private_shared_memory_coarsening_interleaved: 1.686523 ms


-------------------------------

################################################################
Starting Benchmark for Block Size:    64
################################################################
grid:    132,     1,     1
block:    64,     1,     1

Grid-Stride Loop Iterations: 36292
Warmup complete for histo_private_shared_memory_coarsening_interleaved
Execution time for histo_private_shared_memory_coarsening_interleaved: 13.141870 ms


-------------------------------
grid:    264,     1,     1
block:    64,     1,     1

Grid-Stride Loop Iterations: 18146
Warmup complete for histo_private_shared_memory_coarsening_interleaved
Execution time for histo_private_shared_memory_coarsening_interleaved: 6.574247 ms


-------------------------------
grid:    528,     1,     1
block:    64,     1,     1

Grid-Stride Loop Iterations:  9073
Warmup complete for histo_private_shared_memory_coarsening_interleaved
Execution time for histo_private_shared_memory_coarsening_interleaved: 3.258823 ms


-------------------------------
grid:   1056,     1,     1
block:    64,     1,     1

Grid-Stride Loop Iterations:  4537
Warmup complete for histo_private_shared_memory_coarsening_interleaved
Execution time for histo_private_shared_memory_coarsening_interleaved: 1.606164 ms


-------------------------------
grid:   2112,     1,     1
block:    64,     1,     1

Grid-Stride Loop Iterations:  2269
Warmup complete for histo_private_shared_memory_coarsening_interleaved
Execution time for histo_private_shared_memory_coarsening_interleaved: 0.807677 ms


-------------------------------
grid:   4224,     1,     1
block:    64,     1,     1

Grid-Stride Loop Iterations:  1135
Warmup complete for histo_private_shared_memory_coarsening_interleaved
Execution time for histo_private_shared_memory_coarsening_interleaved: 0.430865 ms


-------------------------------
grid:   8448,     1,     1
block:    64,     1,     1

Grid-Stride Loop Iterations:   568
Warmup complete for histo_private_shared_memory_coarsening_interleaved
Execution time for histo_private_shared_memory_coarsening_interleaved: 0.450756 ms


-------------------------------
grid:  12672,     1,     1
block:    64,     1,     1

Grid-Stride Loop Iterations:   379
Warmup complete for histo_private_shared_memory_coarsening_interleaved
Execution time for histo_private_shared_memory_coarsening_interleaved: 0.460692 ms


-------------------------------
grid:  16896,     1,     1
block:    64,     1,     1

Grid-Stride Loop Iterations:   284
Warmup complete for histo_private_shared_memory_coarsening_interleaved
Execution time for histo_private_shared_memory_coarsening_interleaved: 0.465549 ms


-------------------------------
grid:  25344,     1,     1
block:    64,     1,     1

Grid-Stride Loop Iterations:   190
Warmup complete for histo_private_shared_memory_coarsening_interleaved
Execution time for histo_private_shared_memory_coarsening_interleaved: 0.475600 ms


-------------------------------
grid:  33792,     1,     1
block:    64,     1,     1

Grid-Stride Loop Iterations:   142
Warmup complete for histo_private_shared_memory_coarsening_interleaved
Execution time for histo_private_shared_memory_coarsening_interleaved: 0.476481 ms


-------------------------------
grid:  50688,     1,     1
block:    64,     1,     1

Grid-Stride Loop Iterations:    95
Warmup complete for histo_private_shared_memory_coarsening_interleaved
Execution time for histo_private_shared_memory_coarsening_interleaved: 0.480649 ms


-------------------------------
grid:  67584,     1,     1
block:    64,     1,     1

Grid-Stride Loop Iterations:    71
Warmup complete for histo_private_shared_memory_coarsening_interleaved
Execution time for histo_private_shared_memory_coarsening_interleaved: 0.531107 ms


-------------------------------
grid:  101376,     1,     1
block:    64,     1,     1

Grid-Stride Loop Iterations:    48
Warmup complete for histo_private_shared_memory_coarsening_interleaved
Execution time for histo_private_shared_memory_coarsening_interleaved: 0.715444 ms


-------------------------------
grid:  135168,     1,     1
block:    64,     1,     1

Grid-Stride Loop Iterations:    36
Warmup complete for histo_private_shared_memory_coarsening_interleaved
Execution time for histo_private_shared_memory_coarsening_interleaved: 0.903940 ms


-------------------------------
grid:  202752,     1,     1
block:    64,     1,     1

Grid-Stride Loop Iterations:    24
Warmup complete for histo_private_shared_memory_coarsening_interleaved
Execution time for histo_private_shared_memory_coarsening_interleaved: 1.291354 ms


-------------------------------
grid:  270336,     1,     1
block:    64,     1,     1

Grid-Stride Loop Iterations:    18
Warmup complete for histo_private_shared_memory_coarsening_interleaved
Execution time for histo_private_shared_memory_coarsening_interleaved: 1.666987 ms


-------------------------------

################################################################
Starting Benchmark for Block Size:   128
################################################################
grid:    132,     1,     1
block:   128,     1,     1

Grid-Stride Loop Iterations: 18146
Warmup complete for histo_private_shared_memory_coarsening_interleaved
Execution time for histo_private_shared_memory_coarsening_interleaved: 6.775923 ms


-------------------------------
grid:    264,     1,     1
block:   128,     1,     1

Grid-Stride Loop Iterations:  9073
Warmup complete for histo_private_shared_memory_coarsening_interleaved
Execution time for histo_private_shared_memory_coarsening_interleaved: 3.358698 ms


-------------------------------
grid:    528,     1,     1
block:   128,     1,     1

Grid-Stride Loop Iterations:  4537
Warmup complete for histo_private_shared_memory_coarsening_interleaved
Execution time for histo_private_shared_memory_coarsening_interleaved: 1.657240 ms


-------------------------------
grid:   1056,     1,     1
block:   128,     1,     1

Grid-Stride Loop Iterations:  2269
Warmup complete for histo_private_shared_memory_coarsening_interleaved
Execution time for histo_private_shared_memory_coarsening_interleaved: 0.818766 ms


-------------------------------
grid:   2112,     1,     1
block:   128,     1,     1

Grid-Stride Loop Iterations:  1135
Warmup complete for histo_private_shared_memory_coarsening_interleaved
Execution time for histo_private_shared_memory_coarsening_interleaved: 0.423455 ms


-------------------------------
grid:   4224,     1,     1
block:   128,     1,     1

Grid-Stride Loop Iterations:   568
Warmup complete for histo_private_shared_memory_coarsening_interleaved
Execution time for histo_private_shared_memory_coarsening_interleaved: 0.429365 ms


-------------------------------
grid:   8448,     1,     1
block:   128,     1,     1

Grid-Stride Loop Iterations:   284
Warmup complete for histo_private_shared_memory_coarsening_interleaved
Execution time for histo_private_shared_memory_coarsening_interleaved: 0.435731 ms


-------------------------------
grid:  12672,     1,     1
block:   128,     1,     1

Grid-Stride Loop Iterations:   190
Warmup complete for histo_private_shared_memory_coarsening_interleaved
Execution time for histo_private_shared_memory_coarsening_interleaved: 0.441090 ms


-------------------------------
grid:  16896,     1,     1
block:   128,     1,     1

Grid-Stride Loop Iterations:   142
Warmup complete for histo_private_shared_memory_coarsening_interleaved
Execution time for histo_private_shared_memory_coarsening_interleaved: 0.443347 ms


-------------------------------
grid:  25344,     1,     1
block:   128,     1,     1

Grid-Stride Loop Iterations:    95
Warmup complete for histo_private_shared_memory_coarsening_interleaved
Execution time for histo_private_shared_memory_coarsening_interleaved: 0.447712 ms


-------------------------------
grid:  33792,     1,     1
block:   128,     1,     1

Grid-Stride Loop Iterations:    71
Warmup complete for histo_private_shared_memory_coarsening_interleaved
Execution time for histo_private_shared_memory_coarsening_interleaved: 0.442744 ms


-------------------------------
grid:  50688,     1,     1
block:   128,     1,     1

Grid-Stride Loop Iterations:    48
Warmup complete for histo_private_shared_memory_coarsening_interleaved
Execution time for histo_private_shared_memory_coarsening_interleaved: 0.448104 ms


-------------------------------
grid:  67584,     1,     1
block:   128,     1,     1

Grid-Stride Loop Iterations:    36
Warmup complete for histo_private_shared_memory_coarsening_interleaved
Execution time for histo_private_shared_memory_coarsening_interleaved: 0.498092 ms


-------------------------------
grid:  101376,     1,     1
block:   128,     1,     1

Grid-Stride Loop Iterations:    24
Warmup complete for histo_private_shared_memory_coarsening_interleaved
Execution time for histo_private_shared_memory_coarsening_interleaved: 0.699441 ms


-------------------------------
grid:  135168,     1,     1
block:   128,     1,     1

Grid-Stride Loop Iterations:    18
Warmup complete for histo_private_shared_memory_coarsening_interleaved
Execution time for histo_private_shared_memory_coarsening_interleaved: 0.892732 ms


-------------------------------
grid:  202752,     1,     1
block:   128,     1,     1

Grid-Stride Loop Iterations:    12
Warmup complete for histo_private_shared_memory_coarsening_interleaved
Execution time for histo_private_shared_memory_coarsening_interleaved: 1.277539 ms


-------------------------------
grid:  270336,     1,     1
block:   128,     1,     1

Grid-Stride Loop Iterations:     9
Warmup complete for histo_private_shared_memory_coarsening_interleaved
Execution time for histo_private_shared_memory_coarsening_interleaved: 1.655606 ms


-------------------------------

################################################################
Starting Benchmark for Block Size:   256
################################################################
grid:    132,     1,     1
block:   256,     1,     1

Grid-Stride Loop Iterations:  9073
Warmup complete for histo_private_shared_memory_coarsening_interleaved
Execution time for histo_private_shared_memory_coarsening_interleaved: 3.355367 ms


-------------------------------
grid:    264,     1,     1
block:   256,     1,     1

Grid-Stride Loop Iterations:  4537
Warmup complete for histo_private_shared_memory_coarsening_interleaved
Execution time for histo_private_shared_memory_coarsening_interleaved: 1.656664 ms


-------------------------------
grid:    528,     1,     1
block:   256,     1,     1

Grid-Stride Loop Iterations:  2269
Warmup complete for histo_private_shared_memory_coarsening_interleaved
Execution time for histo_private_shared_memory_coarsening_interleaved: 0.819516 ms


-------------------------------
grid:   1056,     1,     1
block:   256,     1,     1

Grid-Stride Loop Iterations:  1135
Warmup complete for histo_private_shared_memory_coarsening_interleaved
Execution time for histo_private_shared_memory_coarsening_interleaved: 0.421566 ms


-------------------------------
grid:   2112,     1,     1
block:   256,     1,     1

Grid-Stride Loop Iterations:   568
Warmup complete for histo_private_shared_memory_coarsening_interleaved
Execution time for histo_private_shared_memory_coarsening_interleaved: 0.423749 ms


-------------------------------
grid:   4224,     1,     1
block:   256,     1,     1

Grid-Stride Loop Iterations:   284
Warmup complete for histo_private_shared_memory_coarsening_interleaved
Execution time for histo_private_shared_memory_coarsening_interleaved: 0.426839 ms


-------------------------------
grid:   8448,     1,     1
block:   256,     1,     1

Grid-Stride Loop Iterations:   142
Warmup complete for histo_private_shared_memory_coarsening_interleaved
Execution time for histo_private_shared_memory_coarsening_interleaved: 0.431941 ms


-------------------------------
grid:  12672,     1,     1
block:   256,     1,     1

Grid-Stride Loop Iterations:    95
Warmup complete for histo_private_shared_memory_coarsening_interleaved
Execution time for histo_private_shared_memory_coarsening_interleaved: 0.433901 ms


-------------------------------
grid:  16896,     1,     1
block:   256,     1,     1

Grid-Stride Loop Iterations:    71
Warmup complete for histo_private_shared_memory_coarsening_interleaved
Execution time for histo_private_shared_memory_coarsening_interleaved: 0.434233 ms


-------------------------------
grid:  25344,     1,     1
block:   256,     1,     1

Grid-Stride Loop Iterations:    48
Warmup complete for histo_private_shared_memory_coarsening_interleaved
Execution time for histo_private_shared_memory_coarsening_interleaved: 0.436781 ms


-------------------------------
grid:  33792,     1,     1
block:   256,     1,     1

Grid-Stride Loop Iterations:    36
Warmup complete for histo_private_shared_memory_coarsening_interleaved
Execution time for histo_private_shared_memory_coarsening_interleaved: 0.436537 ms


-------------------------------
grid:  50688,     1,     1
block:   256,     1,     1

Grid-Stride Loop Iterations:    24
Warmup complete for histo_private_shared_memory_coarsening_interleaved
Execution time for histo_private_shared_memory_coarsening_interleaved: 0.440870 ms


-------------------------------
grid:  67584,     1,     1
block:   256,     1,     1

Grid-Stride Loop Iterations:    18
Warmup complete for histo_private_shared_memory_coarsening_interleaved
Execution time for histo_private_shared_memory_coarsening_interleaved: 0.486454 ms


-------------------------------
grid:  101376,     1,     1
block:   256,     1,     1

Grid-Stride Loop Iterations:    12
Warmup complete for histo_private_shared_memory_coarsening_interleaved
Execution time for histo_private_shared_memory_coarsening_interleaved: 0.690936 ms


-------------------------------
grid:  135168,     1,     1
block:   256,     1,     1

Grid-Stride Loop Iterations:     9
Warmup complete for histo_private_shared_memory_coarsening_interleaved
Execution time for histo_private_shared_memory_coarsening_interleaved: 0.891336 ms


-------------------------------
grid:  202752,     1,     1
block:   256,     1,     1

Grid-Stride Loop Iterations:     6
Warmup complete for histo_private_shared_memory_coarsening_interleaved
Execution time for histo_private_shared_memory_coarsening_interleaved: 1.276926 ms


-------------------------------
grid:  270336,     1,     1
block:   256,     1,     1

Grid-Stride Loop Iterations:     5
Warmup complete for histo_private_shared_memory_coarsening_interleaved
Execution time for histo_private_shared_memory_coarsening_interleaved: 1.651976 ms


-------------------------------

################################################################
Starting Benchmark for Block Size:   512
################################################################
grid:    132,     1,     1
block:   512,     1,     1

Grid-Stride Loop Iterations:  4537
Warmup complete for histo_private_shared_memory_coarsening_interleaved
Execution time for histo_private_shared_memory_coarsening_interleaved: 1.659520 ms


-------------------------------
grid:    264,     1,     1
block:   512,     1,     1

Grid-Stride Loop Iterations:  2269
Warmup complete for histo_private_shared_memory_coarsening_interleaved
Execution time for histo_private_shared_memory_coarsening_interleaved: 0.818365 ms


-------------------------------
grid:    528,     1,     1
block:   512,     1,     1

Grid-Stride Loop Iterations:  1135
Warmup complete for histo_private_shared_memory_coarsening_interleaved
Execution time for histo_private_shared_memory_coarsening_interleaved: 0.421762 ms


-------------------------------
grid:   1056,     1,     1
block:   512,     1,     1

Grid-Stride Loop Iterations:   568
Warmup complete for histo_private_shared_memory_coarsening_interleaved
Execution time for histo_private_shared_memory_coarsening_interleaved: 0.423975 ms


-------------------------------
grid:   2112,     1,     1
block:   512,     1,     1

Grid-Stride Loop Iterations:   284
Warmup complete for histo_private_shared_memory_coarsening_interleaved
Execution time for histo_private_shared_memory_coarsening_interleaved: 0.426472 ms


-------------------------------
grid:   4224,     1,     1
block:   512,     1,     1

Grid-Stride Loop Iterations:   142
Warmup complete for histo_private_shared_memory_coarsening_interleaved
Execution time for histo_private_shared_memory_coarsening_interleaved: 0.432443 ms


-------------------------------
grid:   8448,     1,     1
block:   512,     1,     1

Grid-Stride Loop Iterations:    71
Warmup complete for histo_private_shared_memory_coarsening_interleaved
Execution time for histo_private_shared_memory_coarsening_interleaved: 0.436348 ms


-------------------------------
grid:  12672,     1,     1
block:   512,     1,     1

Grid-Stride Loop Iterations:    48
Warmup complete for histo_private_shared_memory_coarsening_interleaved
Execution time for histo_private_shared_memory_coarsening_interleaved: 0.438677 ms


-------------------------------
grid:  16896,     1,     1
block:   512,     1,     1

Grid-Stride Loop Iterations:    36
Warmup complete for histo_private_shared_memory_coarsening_interleaved
Execution time for histo_private_shared_memory_coarsening_interleaved: 0.439159 ms


-------------------------------
grid:  25344,     1,     1
block:   512,     1,     1

Grid-Stride Loop Iterations:    24
Warmup complete for histo_private_shared_memory_coarsening_interleaved
Execution time for histo_private_shared_memory_coarsening_interleaved: 0.444032 ms


-------------------------------
grid:  33792,     1,     1
block:   512,     1,     1

Grid-Stride Loop Iterations:    18
Warmup complete for histo_private_shared_memory_coarsening_interleaved
Execution time for histo_private_shared_memory_coarsening_interleaved: 0.451608 ms


-------------------------------
grid:  50688,     1,     1
block:   512,     1,     1

Grid-Stride Loop Iterations:    12
Warmup complete for histo_private_shared_memory_coarsening_interleaved
Execution time for histo_private_shared_memory_coarsening_interleaved: 0.464169 ms


-------------------------------
grid:  67584,     1,     1
block:   512,     1,     1

Grid-Stride Loop Iterations:     9
Warmup complete for histo_private_shared_memory_coarsening_interleaved
Execution time for histo_private_shared_memory_coarsening_interleaved: 0.485205 ms


-------------------------------
grid:  101376,     1,     1
block:   512,     1,     1

Grid-Stride Loop Iterations:     6
Warmup complete for histo_private_shared_memory_coarsening_interleaved
Execution time for histo_private_shared_memory_coarsening_interleaved: 0.687768 ms


-------------------------------
grid:  135168,     1,     1
block:   512,     1,     1

Grid-Stride Loop Iterations:     5
Warmup complete for histo_private_shared_memory_coarsening_interleaved
Execution time for histo_private_shared_memory_coarsening_interleaved: 0.887722 ms


-------------------------------
grid:  202752,     1,     1
block:   512,     1,     1

Grid-Stride Loop Iterations:     3
Warmup complete for histo_private_shared_memory_coarsening_interleaved
Execution time for histo_private_shared_memory_coarsening_interleaved: 1.276110 ms


-------------------------------
grid:  270336,     1,     1
block:   512,     1,     1

Grid-Stride Loop Iterations:     3
Warmup complete for histo_private_shared_memory_coarsening_interleaved
Execution time for histo_private_shared_memory_coarsening_interleaved: 1.644887 ms


-------------------------------

################################################################
Starting Benchmark for Block Size:  1024
################################################################
grid:    132,     1,     1
block:  1024,     1,     1

Grid-Stride Loop Iterations:  2269
Warmup complete for histo_private_shared_memory_coarsening_interleaved
Execution time for histo_private_shared_memory_coarsening_interleaved: 0.818824 ms


-------------------------------
grid:    264,     1,     1
block:  1024,     1,     1

Grid-Stride Loop Iterations:  1135
Warmup complete for histo_private_shared_memory_coarsening_interleaved
Execution time for histo_private_shared_memory_coarsening_interleaved: 0.422024 ms


-------------------------------
grid:    528,     1,     1
block:  1024,     1,     1

Grid-Stride Loop Iterations:   568
Warmup complete for histo_private_shared_memory_coarsening_interleaved
Execution time for histo_private_shared_memory_coarsening_interleaved: 0.424268 ms


-------------------------------
grid:   1056,     1,     1
block:  1024,     1,     1

Grid-Stride Loop Iterations:   284
Warmup complete for histo_private_shared_memory_coarsening_interleaved
Execution time for histo_private_shared_memory_coarsening_interleaved: 0.427389 ms


-------------------------------
grid:   2112,     1,     1
block:  1024,     1,     1

Grid-Stride Loop Iterations:   142
Warmup complete for histo_private_shared_memory_coarsening_interleaved
Execution time for histo_private_shared_memory_coarsening_interleaved: 0.434039 ms


-------------------------------
grid:   4224,     1,     1
block:  1024,     1,     1

Grid-Stride Loop Iterations:    71
Warmup complete for histo_private_shared_memory_coarsening_interleaved
Execution time for histo_private_shared_memory_coarsening_interleaved: 0.439491 ms


-------------------------------
grid:   8448,     1,     1
block:  1024,     1,     1

Grid-Stride Loop Iterations:    36
Warmup complete for histo_private_shared_memory_coarsening_interleaved
Execution time for histo_private_shared_memory_coarsening_interleaved: 0.443968 ms


-------------------------------
grid:  12672,     1,     1
block:  1024,     1,     1

Grid-Stride Loop Iterations:    24
Warmup complete for histo_private_shared_memory_coarsening_interleaved
Execution time for histo_private_shared_memory_coarsening_interleaved: 0.449790 ms


-------------------------------
grid:  16896,     1,     1
block:  1024,     1,     1

Grid-Stride Loop Iterations:    18
Warmup complete for histo_private_shared_memory_coarsening_interleaved
Execution time for histo_private_shared_memory_coarsening_interleaved: 0.459137 ms


-------------------------------
grid:  25344,     1,     1
block:  1024,     1,     1

Grid-Stride Loop Iterations:    12
Warmup complete for histo_private_shared_memory_coarsening_interleaved
Execution time for histo_private_shared_memory_coarsening_interleaved: 0.473310 ms


-------------------------------
grid:  33792,     1,     1
block:  1024,     1,     1

Grid-Stride Loop Iterations:     9
Warmup complete for histo_private_shared_memory_coarsening_interleaved
Execution time for histo_private_shared_memory_coarsening_interleaved: 0.491322 ms


-------------------------------
grid:  50688,     1,     1
block:  1024,     1,     1

Grid-Stride Loop Iterations:     6
Warmup complete for histo_private_shared_memory_coarsening_interleaved
Execution time for histo_private_shared_memory_coarsening_interleaved: 0.522138 ms


-------------------------------
grid:  67584,     1,     1
block:  1024,     1,     1

Grid-Stride Loop Iterations:     5
Warmup complete for histo_private_shared_memory_coarsening_interleaved
Execution time for histo_private_shared_memory_coarsening_interleaved: 0.554499 ms


-------------------------------
grid:  101376,     1,     1
block:  1024,     1,     1

Grid-Stride Loop Iterations:     3
Warmup complete for histo_private_shared_memory_coarsening_interleaved
Execution time for histo_private_shared_memory_coarsening_interleaved: 0.686984 ms


-------------------------------
grid:  135168,     1,     1
block:  1024,     1,     1

Grid-Stride Loop Iterations:     3
Warmup complete for histo_private_shared_memory_coarsening_interleaved
Execution time for histo_private_shared_memory_coarsening_interleaved: 0.880200 ms


-------------------------------
grid:  202752,     1,     1
block:  1024,     1,     1

Grid-Stride Loop Iterations:     2
Warmup complete for histo_private_shared_memory_coarsening_interleaved
Execution time for histo_private_shared_memory_coarsening_interleaved: 1.264284 ms


-------------------------------
grid:  270336,     1,     1
block:  1024,     1,     1

Grid-Stride Loop Iterations:     2
Warmup complete for histo_private_shared_memory_coarsening_interleaved
Execution time for histo_private_shared_memory_coarsening_interleaved: 1.636948 ms


-------------------------------
