Currently using CUDA device 0: NVIDIA H200
Number of SMs: 132
Text length to process: 3065940000 characters
grid:   4224,     1,     1
block:   256,     1,     1

[histo_cpu]
a:    17782  b:     3215  c:     4958  d:    10103  e:    26748  f:     4430  g:     4828  
h:    12743  i:    13527  j:      290  k:     2062  l:     8592  m:     5481  n:    15041  
o:    17045  p:     3322  q:      166  r:    12463  s:    13051  t:    19505  u:     6296  
v:     1987  w:     5226  x:      315  y:     4682  z:      147  
[histo_gpu]
a:    17782  b:     3215  c:     4958  d:    10103  e:    26748  f:     4430  g:     4828  
h:    12743  i:    13527  j:      290  k:     2062  l:     8592  m:     5481  n:    15041  
o:    17045  p:     3322  q:      166  r:    12463  s:    13051  t:    19505  u:     6296  
v:     1987  w:     5226  x:      315  y:     4682  z:      147  

################################################################
Starting Benchmark for Block Size:    32
################################################################
grid:    132,     1,     1
block:    32,     1,     1

Grid-Stride Loop Iterations: 725839
Warmup complete for histo_private_shared_memory_coarsening_interleaved
Execution time for histo_private_shared_memory_coarsening_interleaved: 290.967377 ms


-------------------------------
grid:    264,     1,     1
block:    32,     1,     1

Grid-Stride Loop Iterations: 362920
Warmup complete for histo_private_shared_memory_coarsening_interleaved
Execution time for histo_private_shared_memory_coarsening_interleaved: 146.121170 ms


-------------------------------
grid:    528,     1,     1
block:    32,     1,     1

Grid-Stride Loop Iterations: 181460
Warmup complete for histo_private_shared_memory_coarsening_interleaved
Execution time for histo_private_shared_memory_coarsening_interleaved: 73.059135 ms


-------------------------------
grid:   1056,     1,     1
block:    32,     1,     1

Grid-Stride Loop Iterations: 90730
Warmup complete for histo_private_shared_memory_coarsening_interleaved
Execution time for histo_private_shared_memory_coarsening_interleaved: 36.075443 ms


-------------------------------
grid:   2112,     1,     1
block:    32,     1,     1

Grid-Stride Loop Iterations: 45365
Warmup complete for histo_private_shared_memory_coarsening_interleaved
Execution time for histo_private_shared_memory_coarsening_interleaved: 17.931303 ms


-------------------------------
grid:   4224,     1,     1
block:    32,     1,     1

Grid-Stride Loop Iterations: 22683
Warmup complete for histo_private_shared_memory_coarsening_interleaved
Execution time for histo_private_shared_memory_coarsening_interleaved: 8.991934 ms


-------------------------------
grid:   8448,     1,     1
block:    32,     1,     1

Grid-Stride Loop Iterations: 11342
Warmup complete for histo_private_shared_memory_coarsening_interleaved
Execution time for histo_private_shared_memory_coarsening_interleaved: 9.046237 ms


-------------------------------
grid:  12672,     1,     1
block:    32,     1,     1

Grid-Stride Loop Iterations:  7561
Warmup complete for histo_private_shared_memory_coarsening_interleaved
Execution time for histo_private_shared_memory_coarsening_interleaved: 9.068331 ms


-------------------------------
grid:  16896,     1,     1
block:    32,     1,     1

Grid-Stride Loop Iterations:  5671
Warmup complete for histo_private_shared_memory_coarsening_interleaved
Execution time for histo_private_shared_memory_coarsening_interleaved: 9.080696 ms


-------------------------------
grid:  25344,     1,     1
block:    32,     1,     1

Grid-Stride Loop Iterations:  3781
Warmup complete for histo_private_shared_memory_coarsening_interleaved
Execution time for histo_private_shared_memory_coarsening_interleaved: 9.081550 ms


-------------------------------
grid:  33792,     1,     1
block:    32,     1,     1

Grid-Stride Loop Iterations:  2836
Warmup complete for histo_private_shared_memory_coarsening_interleaved
Execution time for histo_private_shared_memory_coarsening_interleaved: 9.109032 ms


-------------------------------
grid:  50688,     1,     1
block:    32,     1,     1

Grid-Stride Loop Iterations:  1891
Warmup complete for histo_private_shared_memory_coarsening_interleaved
Execution time for histo_private_shared_memory_coarsening_interleaved: 9.153269 ms


-------------------------------
grid:  67584,     1,     1
block:    32,     1,     1

Grid-Stride Loop Iterations:  1418
Warmup complete for histo_private_shared_memory_coarsening_interleaved
Execution time for histo_private_shared_memory_coarsening_interleaved: 9.102810 ms


-------------------------------
grid:  101376,     1,     1
block:    32,     1,     1

Grid-Stride Loop Iterations:   946
Warmup complete for histo_private_shared_memory_coarsening_interleaved
Execution time for histo_private_shared_memory_coarsening_interleaved: 9.036780 ms


-------------------------------
grid:  135168,     1,     1
block:    32,     1,     1

Grid-Stride Loop Iterations:   709
Warmup complete for histo_private_shared_memory_coarsening_interleaved
Execution time for histo_private_shared_memory_coarsening_interleaved: 8.997788 ms


-------------------------------
grid:  202752,     1,     1
block:    32,     1,     1

Grid-Stride Loop Iterations:   473
Warmup complete for histo_private_shared_memory_coarsening_interleaved
Execution time for histo_private_shared_memory_coarsening_interleaved: 8.980753 ms


-------------------------------
grid:  270336,     1,     1
block:    32,     1,     1

Grid-Stride Loop Iterations:   355
Warmup complete for histo_private_shared_memory_coarsening_interleaved
Execution time for histo_private_shared_memory_coarsening_interleaved: 8.953311 ms


-------------------------------

################################################################
Starting Benchmark for Block Size:    64
################################################################
grid:    132,     1,     1
block:    64,     1,     1

Grid-Stride Loop Iterations: 362920
Warmup complete for histo_private_shared_memory_coarsening_interleaved
Execution time for histo_private_shared_memory_coarsening_interleaved: 148.624207 ms


-------------------------------
grid:    264,     1,     1
block:    64,     1,     1

Grid-Stride Loop Iterations: 181460
Warmup complete for histo_private_shared_memory_coarsening_interleaved
Execution time for histo_private_shared_memory_coarsening_interleaved: 74.585670 ms


-------------------------------
grid:    528,     1,     1
block:    64,     1,     1

Grid-Stride Loop Iterations: 90730
Warmup complete for histo_private_shared_memory_coarsening_interleaved
Execution time for histo_private_shared_memory_coarsening_interleaved: 36.988937 ms


-------------------------------
grid:   1056,     1,     1
block:    64,     1,     1

Grid-Stride Loop Iterations: 45365
Warmup complete for histo_private_shared_memory_coarsening_interleaved
Execution time for histo_private_shared_memory_coarsening_interleaved: 18.286633 ms


-------------------------------
grid:   2112,     1,     1
block:    64,     1,     1

Grid-Stride Loop Iterations: 22683
Warmup complete for histo_private_shared_memory_coarsening_interleaved
Execution time for histo_private_shared_memory_coarsening_interleaved: 9.111231 ms


-------------------------------
grid:   4224,     1,     1
block:    64,     1,     1

Grid-Stride Loop Iterations: 11342
Warmup complete for histo_private_shared_memory_coarsening_interleaved
Execution time for histo_private_shared_memory_coarsening_interleaved: 4.695963 ms


-------------------------------
grid:   8448,     1,     1
block:    64,     1,     1

Grid-Stride Loop Iterations:  5671
Warmup complete for histo_private_shared_memory_coarsening_interleaved
Execution time for histo_private_shared_memory_coarsening_interleaved: 4.709938 ms


-------------------------------
grid:  12672,     1,     1
block:    64,     1,     1

Grid-Stride Loop Iterations:  3781
Warmup complete for histo_private_shared_memory_coarsening_interleaved
Execution time for histo_private_shared_memory_coarsening_interleaved: 4.695809 ms


-------------------------------
grid:  16896,     1,     1
block:    64,     1,     1

Grid-Stride Loop Iterations:  2836
Warmup complete for histo_private_shared_memory_coarsening_interleaved
Execution time for histo_private_shared_memory_coarsening_interleaved: 4.718703 ms


-------------------------------
grid:  25344,     1,     1
block:    64,     1,     1

Grid-Stride Loop Iterations:  1891
Warmup complete for histo_private_shared_memory_coarsening_interleaved
Execution time for histo_private_shared_memory_coarsening_interleaved: 4.710423 ms


-------------------------------
grid:  33792,     1,     1
block:    64,     1,     1

Grid-Stride Loop Iterations:  1418
Warmup complete for histo_private_shared_memory_coarsening_interleaved
Execution time for histo_private_shared_memory_coarsening_interleaved: 4.722416 ms


-------------------------------
grid:  50688,     1,     1
block:    64,     1,     1

Grid-Stride Loop Iterations:   946
Warmup complete for histo_private_shared_memory_coarsening_interleaved
Execution time for histo_private_shared_memory_coarsening_interleaved: 4.720365 ms


-------------------------------
grid:  67584,     1,     1
block:    64,     1,     1

Grid-Stride Loop Iterations:   709
Warmup complete for histo_private_shared_memory_coarsening_interleaved
Execution time for histo_private_shared_memory_coarsening_interleaved: 4.741802 ms


-------------------------------
grid:  101376,     1,     1
block:    64,     1,     1

Grid-Stride Loop Iterations:   473
Warmup complete for histo_private_shared_memory_coarsening_interleaved
Execution time for histo_private_shared_memory_coarsening_interleaved: 4.739035 ms


-------------------------------
grid:  135168,     1,     1
block:    64,     1,     1

Grid-Stride Loop Iterations:   355
Warmup complete for histo_private_shared_memory_coarsening_interleaved
Execution time for histo_private_shared_memory_coarsening_interleaved: 4.719934 ms


-------------------------------
grid:  202752,     1,     1
block:    64,     1,     1

Grid-Stride Loop Iterations:   237
Warmup complete for histo_private_shared_memory_coarsening_interleaved
Execution time for histo_private_shared_memory_coarsening_interleaved: 4.712596 ms


-------------------------------
grid:  270336,     1,     1
block:    64,     1,     1

Grid-Stride Loop Iterations:   178
Warmup complete for histo_private_shared_memory_coarsening_interleaved
Execution time for histo_private_shared_memory_coarsening_interleaved: 4.710752 ms


-------------------------------

################################################################
Starting Benchmark for Block Size:   128
################################################################
grid:    132,     1,     1
block:   128,     1,     1

Grid-Stride Loop Iterations: 181460
Warmup complete for histo_private_shared_memory_coarsening_interleaved
Execution time for histo_private_shared_memory_coarsening_interleaved: 74.824806 ms


-------------------------------
grid:    264,     1,     1
block:   128,     1,     1

Grid-Stride Loop Iterations: 90730
Warmup complete for histo_private_shared_memory_coarsening_interleaved
Execution time for histo_private_shared_memory_coarsening_interleaved: 37.114052 ms


-------------------------------
grid:    528,     1,     1
block:   128,     1,     1

Grid-Stride Loop Iterations: 45365
Warmup complete for histo_private_shared_memory_coarsening_interleaved
Execution time for histo_private_shared_memory_coarsening_interleaved: 18.310286 ms


-------------------------------
grid:   1056,     1,     1
block:   128,     1,     1

Grid-Stride Loop Iterations: 22683
Warmup complete for histo_private_shared_memory_coarsening_interleaved
Execution time for histo_private_shared_memory_coarsening_interleaved: 9.105252 ms


-------------------------------
grid:   2112,     1,     1
block:   128,     1,     1

Grid-Stride Loop Iterations: 11342
Warmup complete for histo_private_shared_memory_coarsening_interleaved
Execution time for histo_private_shared_memory_coarsening_interleaved: 4.683347 ms


-------------------------------
grid:   4224,     1,     1
block:   128,     1,     1

Grid-Stride Loop Iterations:  5671
Warmup complete for histo_private_shared_memory_coarsening_interleaved
Execution time for histo_private_shared_memory_coarsening_interleaved: 4.698935 ms


-------------------------------
grid:   8448,     1,     1
block:   128,     1,     1

Grid-Stride Loop Iterations:  2836
Warmup complete for histo_private_shared_memory_coarsening_interleaved
Execution time for histo_private_shared_memory_coarsening_interleaved: 4.706750 ms


-------------------------------
grid:  12672,     1,     1
block:   128,     1,     1

Grid-Stride Loop Iterations:  1891
Warmup complete for histo_private_shared_memory_coarsening_interleaved
Execution time for histo_private_shared_memory_coarsening_interleaved: 4.703299 ms


-------------------------------
grid:  16896,     1,     1
block:   128,     1,     1

Grid-Stride Loop Iterations:  1418
Warmup complete for histo_private_shared_memory_coarsening_interleaved
Execution time for histo_private_shared_memory_coarsening_interleaved: 4.712287 ms


-------------------------------
grid:  25344,     1,     1
block:   128,     1,     1

Grid-Stride Loop Iterations:   946
Warmup complete for histo_private_shared_memory_coarsening_interleaved
Execution time for histo_private_shared_memory_coarsening_interleaved: 4.710161 ms


-------------------------------
grid:  33792,     1,     1
block:   128,     1,     1

Grid-Stride Loop Iterations:   709
Warmup complete for histo_private_shared_memory_coarsening_interleaved
Execution time for histo_private_shared_memory_coarsening_interleaved: 4.725582 ms


-------------------------------
grid:  50688,     1,     1
block:   128,     1,     1

Grid-Stride Loop Iterations:   473
Warmup complete for histo_private_shared_memory_coarsening_interleaved
Execution time for histo_private_shared_memory_coarsening_interleaved: 4.727226 ms


-------------------------------
grid:  67584,     1,     1
block:   128,     1,     1

Grid-Stride Loop Iterations:   355
Warmup complete for histo_private_shared_memory_coarsening_interleaved
Execution time for histo_private_shared_memory_coarsening_interleaved: 4.714822 ms


-------------------------------
grid:  101376,     1,     1
block:   128,     1,     1

Grid-Stride Loop Iterations:   237
Warmup complete for histo_private_shared_memory_coarsening_interleaved
Execution time for histo_private_shared_memory_coarsening_interleaved: 4.707963 ms


-------------------------------
grid:  135168,     1,     1
block:   128,     1,     1

Grid-Stride Loop Iterations:   178
Warmup complete for histo_private_shared_memory_coarsening_interleaved
Execution time for histo_private_shared_memory_coarsening_interleaved: 4.707939 ms


-------------------------------
grid:  202752,     1,     1
block:   128,     1,     1

Grid-Stride Loop Iterations:   119
Warmup complete for histo_private_shared_memory_coarsening_interleaved
Execution time for histo_private_shared_memory_coarsening_interleaved: 4.711262 ms


-------------------------------
grid:  270336,     1,     1
block:   128,     1,     1

Grid-Stride Loop Iterations:    89
Warmup complete for histo_private_shared_memory_coarsening_interleaved
Execution time for histo_private_shared_memory_coarsening_interleaved: 4.720527 ms


-------------------------------

################################################################
Starting Benchmark for Block Size:   256
################################################################
grid:    132,     1,     1
block:   256,     1,     1

Grid-Stride Loop Iterations: 90730
Warmup complete for histo_private_shared_memory_coarsening_interleaved
Execution time for histo_private_shared_memory_coarsening_interleaved: 37.168697 ms


-------------------------------
grid:    264,     1,     1
block:   256,     1,     1

Grid-Stride Loop Iterations: 45365
Warmup complete for histo_private_shared_memory_coarsening_interleaved
Execution time for histo_private_shared_memory_coarsening_interleaved: 18.316404 ms


-------------------------------
grid:    528,     1,     1
block:   256,     1,     1

Grid-Stride Loop Iterations: 22683
Warmup complete for histo_private_shared_memory_coarsening_interleaved
Execution time for histo_private_shared_memory_coarsening_interleaved: 9.109593 ms


-------------------------------
grid:   1056,     1,     1
block:   256,     1,     1

Grid-Stride Loop Iterations: 11342
Warmup complete for histo_private_shared_memory_coarsening_interleaved
Execution time for histo_private_shared_memory_coarsening_interleaved: 4.685987 ms


-------------------------------
grid:   2112,     1,     1
block:   256,     1,     1

Grid-Stride Loop Iterations:  5671
Warmup complete for histo_private_shared_memory_coarsening_interleaved
Execution time for histo_private_shared_memory_coarsening_interleaved: 4.701299 ms


-------------------------------
grid:   4224,     1,     1
block:   256,     1,     1

Grid-Stride Loop Iterations:  2836
Warmup complete for histo_private_shared_memory_coarsening_interleaved
Execution time for histo_private_shared_memory_coarsening_interleaved: 4.709562 ms


-------------------------------
grid:   8448,     1,     1
block:   256,     1,     1

Grid-Stride Loop Iterations:  1418
Warmup complete for histo_private_shared_memory_coarsening_interleaved
Execution time for histo_private_shared_memory_coarsening_interleaved: 4.719395 ms


-------------------------------
grid:  12672,     1,     1
block:   256,     1,     1

Grid-Stride Loop Iterations:   946
Warmup complete for histo_private_shared_memory_coarsening_interleaved
Execution time for histo_private_shared_memory_coarsening_interleaved: 4.717536 ms


-------------------------------
grid:  16896,     1,     1
block:   256,     1,     1

Grid-Stride Loop Iterations:   709
Warmup complete for histo_private_shared_memory_coarsening_interleaved
Execution time for histo_private_shared_memory_coarsening_interleaved: 4.730306 ms


-------------------------------
grid:  25344,     1,     1
block:   256,     1,     1

Grid-Stride Loop Iterations:   473
Warmup complete for histo_private_shared_memory_coarsening_interleaved
Execution time for histo_private_shared_memory_coarsening_interleaved: 4.734378 ms


-------------------------------
grid:  33792,     1,     1
block:   256,     1,     1

Grid-Stride Loop Iterations:   355
Warmup complete for histo_private_shared_memory_coarsening_interleaved
Execution time for histo_private_shared_memory_coarsening_interleaved: 4.723917 ms


-------------------------------
grid:  50688,     1,     1
block:   256,     1,     1

Grid-Stride Loop Iterations:   237
Warmup complete for histo_private_shared_memory_coarsening_interleaved
Execution time for histo_private_shared_memory_coarsening_interleaved: 4.719016 ms


-------------------------------
grid:  67584,     1,     1
block:   256,     1,     1

Grid-Stride Loop Iterations:   178
Warmup complete for histo_private_shared_memory_coarsening_interleaved
Execution time for histo_private_shared_memory_coarsening_interleaved: 4.719144 ms


-------------------------------
grid:  101376,     1,     1
block:   256,     1,     1

Grid-Stride Loop Iterations:   119
Warmup complete for histo_private_shared_memory_coarsening_interleaved
Execution time for histo_private_shared_memory_coarsening_interleaved: 4.724011 ms


-------------------------------
grid:  135168,     1,     1
block:   256,     1,     1

Grid-Stride Loop Iterations:    89
Warmup complete for histo_private_shared_memory_coarsening_interleaved
Execution time for histo_private_shared_memory_coarsening_interleaved: 4.736382 ms


-------------------------------
grid:  202752,     1,     1
block:   256,     1,     1

Grid-Stride Loop Iterations:    60
Warmup complete for histo_private_shared_memory_coarsening_interleaved
Execution time for histo_private_shared_memory_coarsening_interleaved: 4.757624 ms


-------------------------------
grid:  270336,     1,     1
block:   256,     1,     1

Grid-Stride Loop Iterations:    45
Warmup complete for histo_private_shared_memory_coarsening_interleaved
Execution time for histo_private_shared_memory_coarsening_interleaved: 4.786391 ms


-------------------------------

################################################################
Starting Benchmark for Block Size:   512
################################################################
grid:    132,     1,     1
block:   512,     1,     1

Grid-Stride Loop Iterations: 45365
Warmup complete for histo_private_shared_memory_coarsening_interleaved
Execution time for histo_private_shared_memory_coarsening_interleaved: 18.346609 ms


-------------------------------
grid:    264,     1,     1
block:   512,     1,     1

Grid-Stride Loop Iterations: 22683
Warmup complete for histo_private_shared_memory_coarsening_interleaved
Execution time for histo_private_shared_memory_coarsening_interleaved: 9.106236 ms


-------------------------------
grid:    528,     1,     1
block:   512,     1,     1

Grid-Stride Loop Iterations: 11342
Warmup complete for histo_private_shared_memory_coarsening_interleaved
Execution time for histo_private_shared_memory_coarsening_interleaved: 4.684043 ms


-------------------------------
grid:   1056,     1,     1
block:   512,     1,     1

Grid-Stride Loop Iterations:  5671
Warmup complete for histo_private_shared_memory_coarsening_interleaved
Execution time for histo_private_shared_memory_coarsening_interleaved: 4.701976 ms


-------------------------------
grid:   2112,     1,     1
block:   512,     1,     1

Grid-Stride Loop Iterations:  2836
Warmup complete for histo_private_shared_memory_coarsening_interleaved
Execution time for histo_private_shared_memory_coarsening_interleaved: 4.713125 ms


-------------------------------
grid:   4224,     1,     1
block:   512,     1,     1

Grid-Stride Loop Iterations:  1418
Warmup complete for histo_private_shared_memory_coarsening_interleaved
Execution time for histo_private_shared_memory_coarsening_interleaved: 4.723603 ms


-------------------------------
grid:   8448,     1,     1
block:   512,     1,     1

Grid-Stride Loop Iterations:   709
Warmup complete for histo_private_shared_memory_coarsening_interleaved
Execution time for histo_private_shared_memory_coarsening_interleaved: 4.737344 ms


-------------------------------
grid:  12672,     1,     1
block:   512,     1,     1

Grid-Stride Loop Iterations:   473
Warmup complete for histo_private_shared_memory_coarsening_interleaved
Execution time for histo_private_shared_memory_coarsening_interleaved: 4.741646 ms


-------------------------------
grid:  16896,     1,     1
block:   512,     1,     1

Grid-Stride Loop Iterations:   355
Warmup complete for histo_private_shared_memory_coarsening_interleaved
Execution time for histo_private_shared_memory_coarsening_interleaved: 4.737237 ms


-------------------------------
grid:  25344,     1,     1
block:   512,     1,     1

Grid-Stride Loop Iterations:   237
Warmup complete for histo_private_shared_memory_coarsening_interleaved
Execution time for histo_private_shared_memory_coarsening_interleaved: 4.735039 ms


-------------------------------
grid:  33792,     1,     1
block:   512,     1,     1

Grid-Stride Loop Iterations:   178
Warmup complete for histo_private_shared_memory_coarsening_interleaved
Execution time for histo_private_shared_memory_coarsening_interleaved: 4.738647 ms


-------------------------------
grid:  50688,     1,     1
block:   512,     1,     1

Grid-Stride Loop Iterations:   119
Warmup complete for histo_private_shared_memory_coarsening_interleaved
Execution time for histo_private_shared_memory_coarsening_interleaved: 4.750296 ms


-------------------------------
grid:  67584,     1,     1
block:   512,     1,     1

Grid-Stride Loop Iterations:    89
Warmup complete for histo_private_shared_memory_coarsening_interleaved
Execution time for histo_private_shared_memory_coarsening_interleaved: 4.769158 ms


-------------------------------
grid:  101376,     1,     1
block:   512,     1,     1

Grid-Stride Loop Iterations:    60
Warmup complete for histo_private_shared_memory_coarsening_interleaved
Execution time for histo_private_shared_memory_coarsening_interleaved: 4.799723 ms


-------------------------------
grid:  135168,     1,     1
block:   512,     1,     1

Grid-Stride Loop Iterations:    45
Warmup complete for histo_private_shared_memory_coarsening_interleaved
Execution time for histo_private_shared_memory_coarsening_interleaved: 4.837356 ms


-------------------------------
grid:  202752,     1,     1
block:   512,     1,     1

Grid-Stride Loop Iterations:    30
Warmup complete for histo_private_shared_memory_coarsening_interleaved
Execution time for histo_private_shared_memory_coarsening_interleaved: 4.900023 ms


-------------------------------
grid:  270336,     1,     1
block:   512,     1,     1

Grid-Stride Loop Iterations:    23
Warmup complete for histo_private_shared_memory_coarsening_interleaved
Execution time for histo_private_shared_memory_coarsening_interleaved: 4.958848 ms


-------------------------------

################################################################
Starting Benchmark for Block Size:  1024
################################################################
grid:    132,     1,     1
block:  1024,     1,     1

Grid-Stride Loop Iterations: 22683
Warmup complete for histo_private_shared_memory_coarsening_interleaved
Execution time for histo_private_shared_memory_coarsening_interleaved: 9.122666 ms


-------------------------------
grid:    264,     1,     1
block:  1024,     1,     1

Grid-Stride Loop Iterations: 11342
Warmup complete for histo_private_shared_memory_coarsening_interleaved
Execution time for histo_private_shared_memory_coarsening_interleaved: 4.684365 ms


-------------------------------
grid:    528,     1,     1
block:  1024,     1,     1

Grid-Stride Loop Iterations:  5671
Warmup complete for histo_private_shared_memory_coarsening_interleaved
Execution time for histo_private_shared_memory_coarsening_interleaved: 4.701355 ms


-------------------------------
grid:   1056,     1,     1
block:  1024,     1,     1

Grid-Stride Loop Iterations:  2836
Warmup complete for histo_private_shared_memory_coarsening_interleaved
Execution time for histo_private_shared_memory_coarsening_interleaved: 4.714188 ms


-------------------------------
grid:   2112,     1,     1
block:  1024,     1,     1

Grid-Stride Loop Iterations:  1418
Warmup complete for histo_private_shared_memory_coarsening_interleaved
Execution time for histo_private_shared_memory_coarsening_interleaved: 4.726192 ms


-------------------------------
grid:   4224,     1,     1
block:  1024,     1,     1

Grid-Stride Loop Iterations:   709
Warmup complete for histo_private_shared_memory_coarsening_interleaved
Execution time for histo_private_shared_memory_coarsening_interleaved: 4.744952 ms


-------------------------------
grid:   8448,     1,     1
block:  1024,     1,     1

Grid-Stride Loop Iterations:   355
Warmup complete for histo_private_shared_memory_coarsening_interleaved
Execution time for histo_private_shared_memory_coarsening_interleaved: 4.752056 ms


-------------------------------
grid:  12672,     1,     1
block:  1024,     1,     1

Grid-Stride Loop Iterations:   237
Warmup complete for histo_private_shared_memory_coarsening_interleaved
Execution time for histo_private_shared_memory_coarsening_interleaved: 4.752362 ms


-------------------------------
grid:  16896,     1,     1
block:  1024,     1,     1

Grid-Stride Loop Iterations:   178
Warmup complete for histo_private_shared_memory_coarsening_interleaved
Execution time for histo_private_shared_memory_coarsening_interleaved: 4.757770 ms


-------------------------------
grid:  25344,     1,     1
block:  1024,     1,     1

Grid-Stride Loop Iterations:   119
Warmup complete for histo_private_shared_memory_coarsening_interleaved
Execution time for histo_private_shared_memory_coarsening_interleaved: 4.777649 ms


-------------------------------
grid:  33792,     1,     1
block:  1024,     1,     1

Grid-Stride Loop Iterations:    89
Warmup complete for histo_private_shared_memory_coarsening_interleaved
Execution time for histo_private_shared_memory_coarsening_interleaved: 4.803004 ms


-------------------------------
grid:  50688,     1,     1
block:  1024,     1,     1

Grid-Stride Loop Iterations:    60
Warmup complete for histo_private_shared_memory_coarsening_interleaved
Execution time for histo_private_shared_memory_coarsening_interleaved: 4.843386 ms


-------------------------------
grid:  67584,     1,     1
block:  1024,     1,     1

Grid-Stride Loop Iterations:    45
Warmup complete for histo_private_shared_memory_coarsening_interleaved
Execution time for histo_private_shared_memory_coarsening_interleaved: 4.889654 ms


-------------------------------
grid:  101376,     1,     1
block:  1024,     1,     1

Grid-Stride Loop Iterations:    30
Warmup complete for histo_private_shared_memory_coarsening_interleaved
Execution time for histo_private_shared_memory_coarsening_interleaved: 4.964759 ms


-------------------------------
grid:  135168,     1,     1
block:  1024,     1,     1

Grid-Stride Loop Iterations:    23
Warmup complete for histo_private_shared_memory_coarsening_interleaved
Execution time for histo_private_shared_memory_coarsening_interleaved: 5.038026 ms


-------------------------------
grid:  202752,     1,     1
block:  1024,     1,     1

Grid-Stride Loop Iterations:    15
Warmup complete for histo_private_shared_memory_coarsening_interleaved
Execution time for histo_private_shared_memory_coarsening_interleaved: 5.179345 ms


-------------------------------
grid:  270336,     1,     1
block:  1024,     1,     1

Grid-Stride Loop Iterations:    12
Warmup complete for histo_private_shared_memory_coarsening_interleaved
Execution time for histo_private_shared_memory_coarsening_interleaved: 5.309874 ms


-------------------------------
