Currently using CUDA device 0: NVIDIA H200
Number of SMs: 132
Text length to process: 3065940000 characters
grid:   4224,     1,     1
block:   256,     1,     1

========== [histo_cpu] (Non-zero Bins) ==========
[ 10 | \n   ]:     6781    [ 13 | \r   ]:     6781    [ 32 | SPC  ]:    47272    [ 33 | '!'  ]:      125    [ 35 | '#'  ]:        1    [ 36 | '$'  ]:        4    [ 37 | '%'  ]:        1    
[ 40 | '('  ]:       24    [ 41 | ')'  ]:       24    [ 42 | '*'  ]:       18    [ 44 | ','  ]:     3114    [ 45 | '-'  ]:     2059    [ 46 | '.'  ]:     3330    [ 47 | '/'  ]:        6    
[ 48 | '0'  ]:       40    [ 49 | '1'  ]:       74    [ 50 | '2'  ]:       16    [ 51 | '3'  ]:       19    [ 52 | '4'  ]:       11    [ 53 | '5'  ]:       19    [ 54 | '6'  ]:       14    
[ 55 | '7'  ]:        8    [ 56 | '8'  ]:       12    [ 57 | '9'  ]:       18    [ 58 | ':'  ]:       94    [ 59 | ';'  ]:       74    [ 63 | '?'  ]:      328    [ 65 | 'A'  ]:      397    
[ 66 | 'B'  ]:      260    [ 67 | 'C'  ]:      207    [ 68 | 'D'  ]:      344    [ 69 | 'E'  ]:      243    [ 70 | 'F'  ]:      157    [ 71 | 'G'  ]:      495    [ 72 | 'H'  ]:      447    
[ 73 | 'I'  ]:     1762    [ 74 | 'J'  ]:      148    [ 75 | 'K'  ]:       42    [ 76 | 'L'  ]:      148    [ 77 | 'M'  ]:      334    [ 78 | 'N'  ]:      216    [ 79 | 'O'  ]:      198    
[ 80 | 'P'  ]:      173    [ 81 | 'Q'  ]:        5    [ 82 | 'R'  ]:      110    [ 83 | 'S'  ]:      400    [ 84 | 'T'  ]:      793    [ 85 | 'U'  ]:       61    [ 86 | 'V'  ]:       37    
[ 87 | 'W'  ]:      509    [ 88 | 'X'  ]:        4    [ 89 | 'Y'  ]:      211    [ 90 | 'Z'  ]:        1    [ 91 | '['  ]:        3    [ 93 | ']'  ]:        3    [ 97 | 'a'  ]:    17782    
[ 98 | 'b'  ]:     3215    [ 99 | 'c'  ]:     4958    [100 | 'd'  ]:    10103    [101 | 'e'  ]:    26748    [102 | 'f'  ]:     4430    [103 | 'g'  ]:     4828    [104 | 'h'  ]:    12743    
[105 | 'i'  ]:    13527    [106 | 'j'  ]:      290    [107 | 'k'  ]:     2062    [108 | 'l'  ]:     8592    [109 | 'm'  ]:     5481    [110 | 'n'  ]:    15041    [111 | 'o'  ]:    17045    
[112 | 'p'  ]:     3322    [113 | 'q'  ]:      166    [114 | 'r'  ]:    12463    [115 | 's'  ]:    13051    [116 | 't'  ]:    19505    [117 | 'u'  ]:     6296    [118 | 'v'  ]:     1987    
[119 | 'w'  ]:     5226    [120 | 'x'  ]:      315    [121 | 'y'  ]:     4682    [122 | 'z'  ]:      147    [128 | 0x80 ]:     4800    [132 | 0x84 ]:       57    [138 | 0x8A ]:       12    
[148 | 0x94 ]:      419    [152 | 0x98 ]:       26    [153 | 0x99 ]:     1352    [156 | 0x9C ]:     1468    [157 | 0x9D ]:     1465    [162 | 0xA2 ]:       61    [166 | 0xA6 ]:       54    
[167 | 0xA7 ]:        1    [169 | 0xA9 ]:       17    [170 | 0xAA ]:        1    [180 | 0xB4 ]:        1    [187 | 0xBB ]:        1    [191 | 0xBF ]:        1    [195 | 0xC3 ]:       20    
[226 | 0xE2 ]:     4857    [239 | 0xEF ]:        1    
==================================================

========== [histo_gpu] (Non-zero Bins) ==========
[ 10 | \n   ]:     6781    [ 13 | \r   ]:     6781    [ 32 | SPC  ]:    47272    [ 33 | '!'  ]:      125    [ 35 | '#'  ]:        1    [ 36 | '$'  ]:        4    [ 37 | '%'  ]:        1    
[ 40 | '('  ]:       24    [ 41 | ')'  ]:       24    [ 42 | '*'  ]:       18    [ 44 | ','  ]:     3114    [ 45 | '-'  ]:     2059    [ 46 | '.'  ]:     3330    [ 47 | '/'  ]:        6    
[ 48 | '0'  ]:       40    [ 49 | '1'  ]:       74    [ 50 | '2'  ]:       16    [ 51 | '3'  ]:       19    [ 52 | '4'  ]:       11    [ 53 | '5'  ]:       19    [ 54 | '6'  ]:       14    
[ 55 | '7'  ]:        8    [ 56 | '8'  ]:       12    [ 57 | '9'  ]:       18    [ 58 | ':'  ]:       94    [ 59 | ';'  ]:       74    [ 63 | '?'  ]:      328    [ 65 | 'A'  ]:      397    
[ 66 | 'B'  ]:      260    [ 67 | 'C'  ]:      207    [ 68 | 'D'  ]:      344    [ 69 | 'E'  ]:      243    [ 70 | 'F'  ]:      157    [ 71 | 'G'  ]:      495    [ 72 | 'H'  ]:      447    
[ 73 | 'I'  ]:     1762    [ 74 | 'J'  ]:      148    [ 75 | 'K'  ]:       42    [ 76 | 'L'  ]:      148    [ 77 | 'M'  ]:      334    [ 78 | 'N'  ]:      216    [ 79 | 'O'  ]:      198    
[ 80 | 'P'  ]:      173    [ 81 | 'Q'  ]:        5    [ 82 | 'R'  ]:      110    [ 83 | 'S'  ]:      400    [ 84 | 'T'  ]:      793    [ 85 | 'U'  ]:       61    [ 86 | 'V'  ]:       37    
[ 87 | 'W'  ]:      509    [ 88 | 'X'  ]:        4    [ 89 | 'Y'  ]:      211    [ 90 | 'Z'  ]:        1    [ 91 | '['  ]:        3    [ 93 | ']'  ]:        3    [ 97 | 'a'  ]:    17782    
[ 98 | 'b'  ]:     3215    [ 99 | 'c'  ]:     4958    [100 | 'd'  ]:    10103    [101 | 'e'  ]:    26748    [102 | 'f'  ]:     4430    [103 | 'g'  ]:     4828    [104 | 'h'  ]:    12743    
[105 | 'i'  ]:    13527    [106 | 'j'  ]:      290    [107 | 'k'  ]:     2062    [108 | 'l'  ]:     8592    [109 | 'm'  ]:     5481    [110 | 'n'  ]:    15041    [111 | 'o'  ]:    17045    
[112 | 'p'  ]:     3322    [113 | 'q'  ]:      166    [114 | 'r'  ]:    12463    [115 | 's'  ]:    13051    [116 | 't'  ]:    19505    [117 | 'u'  ]:     6296    [118 | 'v'  ]:     1987    
[119 | 'w'  ]:     5226    [120 | 'x'  ]:      315    [121 | 'y'  ]:     4682    [122 | 'z'  ]:      147    [128 | 0x80 ]:     4800    [132 | 0x84 ]:       57    [138 | 0x8A ]:       12    
[148 | 0x94 ]:      419    [152 | 0x98 ]:       26    [153 | 0x99 ]:     1352    [156 | 0x9C ]:     1468    [157 | 0x9D ]:     1465    [162 | 0xA2 ]:       61    [166 | 0xA6 ]:       54    
[167 | 0xA7 ]:        1    [169 | 0xA9 ]:       17    [170 | 0xAA ]:        1    [180 | 0xB4 ]:        1    [187 | 0xBB ]:        1    [191 | 0xBF ]:        1    [195 | 0xC3 ]:       20    
[226 | 0xE2 ]:     4857    [239 | 0xEF ]:        1    
==================================================


################################################################
Starting Benchmark for Block Size:    32
################################################################
grid:    132,     1,     1
block:    32,     1,     1

Grid-Stride Loop Iterations: 725839
Warmup complete for histo_private_shared_memory_coarsening_interleaved
Execution time for histo_private_shared_memory_coarsening_interleaved: 256.764008 ms


-------------------------------
grid:    264,     1,     1
block:    32,     1,     1

Grid-Stride Loop Iterations: 362920
Warmup complete for histo_private_shared_memory_coarsening_interleaved
Execution time for histo_private_shared_memory_coarsening_interleaved: 128.858002 ms


-------------------------------
grid:    528,     1,     1
block:    32,     1,     1

Grid-Stride Loop Iterations: 181460
Warmup complete for histo_private_shared_memory_coarsening_interleaved
Execution time for histo_private_shared_memory_coarsening_interleaved: 63.989094 ms


-------------------------------
grid:   1056,     1,     1
block:    32,     1,     1

Grid-Stride Loop Iterations: 90730
Warmup complete for histo_private_shared_memory_coarsening_interleaved
Execution time for histo_private_shared_memory_coarsening_interleaved: 31.557516 ms


-------------------------------
grid:   2112,     1,     1
block:    32,     1,     1

Grid-Stride Loop Iterations: 45365
Warmup complete for histo_private_shared_memory_coarsening_interleaved
Execution time for histo_private_shared_memory_coarsening_interleaved: 15.603151 ms


-------------------------------
grid:   4224,     1,     1
block:    32,     1,     1

Grid-Stride Loop Iterations: 22683
Warmup complete for histo_private_shared_memory_coarsening_interleaved
Execution time for histo_private_shared_memory_coarsening_interleaved: 7.869737 ms


-------------------------------
grid:   8448,     1,     1
block:    32,     1,     1

Grid-Stride Loop Iterations: 11342
Warmup complete for histo_private_shared_memory_coarsening_interleaved
Execution time for histo_private_shared_memory_coarsening_interleaved: 7.917425 ms


-------------------------------
grid:  12672,     1,     1
block:    32,     1,     1

Grid-Stride Loop Iterations:  7561
Warmup complete for histo_private_shared_memory_coarsening_interleaved
Execution time for histo_private_shared_memory_coarsening_interleaved: 7.953658 ms


-------------------------------
grid:  16896,     1,     1
block:    32,     1,     1

Grid-Stride Loop Iterations:  5671
Warmup complete for histo_private_shared_memory_coarsening_interleaved
Execution time for histo_private_shared_memory_coarsening_interleaved: 7.973143 ms


-------------------------------
grid:  25344,     1,     1
block:    32,     1,     1

Grid-Stride Loop Iterations:  3781
Warmup complete for histo_private_shared_memory_coarsening_interleaved
Execution time for histo_private_shared_memory_coarsening_interleaved: 7.986109 ms


-------------------------------
grid:  33792,     1,     1
block:    32,     1,     1

Grid-Stride Loop Iterations:  2836
Warmup complete for histo_private_shared_memory_coarsening_interleaved
Execution time for histo_private_shared_memory_coarsening_interleaved: 8.019073 ms


-------------------------------
grid:  50688,     1,     1
block:    32,     1,     1

Grid-Stride Loop Iterations:  1891
Warmup complete for histo_private_shared_memory_coarsening_interleaved
Execution time for histo_private_shared_memory_coarsening_interleaved: 7.991045 ms


-------------------------------
grid:  67584,     1,     1
block:    32,     1,     1

Grid-Stride Loop Iterations:  1418
Warmup complete for histo_private_shared_memory_coarsening_interleaved
Execution time for histo_private_shared_memory_coarsening_interleaved: 7.975148 ms


-------------------------------
grid:  101376,     1,     1
block:    32,     1,     1

Grid-Stride Loop Iterations:   946
Warmup complete for histo_private_shared_memory_coarsening_interleaved
Execution time for histo_private_shared_memory_coarsening_interleaved: 7.898665 ms


-------------------------------
grid:  135168,     1,     1
block:    32,     1,     1

Grid-Stride Loop Iterations:   709
Warmup complete for histo_private_shared_memory_coarsening_interleaved
Execution time for histo_private_shared_memory_coarsening_interleaved: 7.859822 ms


-------------------------------
grid:  202752,     1,     1
block:    32,     1,     1

Grid-Stride Loop Iterations:   473
Warmup complete for histo_private_shared_memory_coarsening_interleaved
Execution time for histo_private_shared_memory_coarsening_interleaved: 7.859239 ms


-------------------------------
grid:  270336,     1,     1
block:    32,     1,     1

Grid-Stride Loop Iterations:   355
Warmup complete for histo_private_shared_memory_coarsening_interleaved
Execution time for histo_private_shared_memory_coarsening_interleaved: 7.862300 ms


-------------------------------

################################################################
Starting Benchmark for Block Size:    64
################################################################
grid:    132,     1,     1
block:    64,     1,     1

Grid-Stride Loop Iterations: 362920
Warmup complete for histo_private_shared_memory_coarsening_interleaved
Execution time for histo_private_shared_memory_coarsening_interleaved: 131.452621 ms


-------------------------------
grid:    264,     1,     1
block:    64,     1,     1

Grid-Stride Loop Iterations: 181460
Warmup complete for histo_private_shared_memory_coarsening_interleaved
Execution time for histo_private_shared_memory_coarsening_interleaved: 65.708557 ms


-------------------------------
grid:    528,     1,     1
block:    64,     1,     1

Grid-Stride Loop Iterations: 90730
Warmup complete for histo_private_shared_memory_coarsening_interleaved
Execution time for histo_private_shared_memory_coarsening_interleaved: 32.504543 ms


-------------------------------
grid:   1056,     1,     1
block:    64,     1,     1

Grid-Stride Loop Iterations: 45365
Warmup complete for histo_private_shared_memory_coarsening_interleaved
Execution time for histo_private_shared_memory_coarsening_interleaved: 15.984804 ms


-------------------------------
grid:   2112,     1,     1
block:    64,     1,     1

Grid-Stride Loop Iterations: 22683
Warmup complete for histo_private_shared_memory_coarsening_interleaved
Execution time for histo_private_shared_memory_coarsening_interleaved: 8.010698 ms


-------------------------------
grid:   4224,     1,     1
block:    64,     1,     1

Grid-Stride Loop Iterations: 11342
Warmup complete for histo_private_shared_memory_coarsening_interleaved
Execution time for histo_private_shared_memory_coarsening_interleaved: 4.124857 ms


-------------------------------
grid:   8448,     1,     1
block:    64,     1,     1

Grid-Stride Loop Iterations:  5671
Warmup complete for histo_private_shared_memory_coarsening_interleaved
Execution time for histo_private_shared_memory_coarsening_interleaved: 4.146490 ms


-------------------------------
grid:  12672,     1,     1
block:    64,     1,     1

Grid-Stride Loop Iterations:  3781
Warmup complete for histo_private_shared_memory_coarsening_interleaved
Execution time for histo_private_shared_memory_coarsening_interleaved: 4.137311 ms


-------------------------------
grid:  16896,     1,     1
block:    64,     1,     1

Grid-Stride Loop Iterations:  2836
Warmup complete for histo_private_shared_memory_coarsening_interleaved
Execution time for histo_private_shared_memory_coarsening_interleaved: 4.156631 ms


-------------------------------
grid:  25344,     1,     1
block:    64,     1,     1

Grid-Stride Loop Iterations:  1891
Warmup complete for histo_private_shared_memory_coarsening_interleaved
Execution time for histo_private_shared_memory_coarsening_interleaved: 4.167633 ms


-------------------------------
grid:  33792,     1,     1
block:    64,     1,     1

Grid-Stride Loop Iterations:  1418
Warmup complete for histo_private_shared_memory_coarsening_interleaved
Execution time for histo_private_shared_memory_coarsening_interleaved: 4.183376 ms


-------------------------------
grid:  50688,     1,     1
block:    64,     1,     1

Grid-Stride Loop Iterations:   946
Warmup complete for histo_private_shared_memory_coarsening_interleaved
Execution time for histo_private_shared_memory_coarsening_interleaved: 4.186921 ms


-------------------------------
grid:  67584,     1,     1
block:    64,     1,     1

Grid-Stride Loop Iterations:   709
Warmup complete for histo_private_shared_memory_coarsening_interleaved
Execution time for histo_private_shared_memory_coarsening_interleaved: 4.223679 ms


-------------------------------
grid:  101376,     1,     1
block:    64,     1,     1

Grid-Stride Loop Iterations:   473
Warmup complete for histo_private_shared_memory_coarsening_interleaved
Execution time for histo_private_shared_memory_coarsening_interleaved: 4.200401 ms


-------------------------------
grid:  135168,     1,     1
block:    64,     1,     1

Grid-Stride Loop Iterations:   355
Warmup complete for histo_private_shared_memory_coarsening_interleaved
Execution time for histo_private_shared_memory_coarsening_interleaved: 4.187765 ms


-------------------------------
grid:  202752,     1,     1
block:    64,     1,     1

Grid-Stride Loop Iterations:   237
Warmup complete for histo_private_shared_memory_coarsening_interleaved
Execution time for histo_private_shared_memory_coarsening_interleaved: 4.176642 ms


-------------------------------
grid:  270336,     1,     1
block:    64,     1,     1

Grid-Stride Loop Iterations:   178
Warmup complete for histo_private_shared_memory_coarsening_interleaved
Execution time for histo_private_shared_memory_coarsening_interleaved: 4.186015 ms


-------------------------------

################################################################
Starting Benchmark for Block Size:   128
################################################################
grid:    132,     1,     1
block:   128,     1,     1

Grid-Stride Loop Iterations: 181460
Warmup complete for histo_private_shared_memory_coarsening_interleaved
Execution time for histo_private_shared_memory_coarsening_interleaved: 67.306923 ms


-------------------------------
grid:    264,     1,     1
block:   128,     1,     1

Grid-Stride Loop Iterations: 90730
Warmup complete for histo_private_shared_memory_coarsening_interleaved
Execution time for histo_private_shared_memory_coarsening_interleaved: 33.374172 ms


-------------------------------
grid:    528,     1,     1
block:   128,     1,     1

Grid-Stride Loop Iterations: 45365
Warmup complete for histo_private_shared_memory_coarsening_interleaved
Execution time for histo_private_shared_memory_coarsening_interleaved: 16.257563 ms


-------------------------------
grid:   1056,     1,     1
block:   128,     1,     1

Grid-Stride Loop Iterations: 22683
Warmup complete for histo_private_shared_memory_coarsening_interleaved
Execution time for histo_private_shared_memory_coarsening_interleaved: 8.082002 ms


-------------------------------
grid:   2112,     1,     1
block:   128,     1,     1

Grid-Stride Loop Iterations: 11342
Warmup complete for histo_private_shared_memory_coarsening_interleaved
Execution time for histo_private_shared_memory_coarsening_interleaved: 4.158533 ms


-------------------------------
grid:   4224,     1,     1
block:   128,     1,     1

Grid-Stride Loop Iterations:  5671
Warmup complete for histo_private_shared_memory_coarsening_interleaved
Execution time for histo_private_shared_memory_coarsening_interleaved: 4.155173 ms


-------------------------------
grid:   8448,     1,     1
block:   128,     1,     1

Grid-Stride Loop Iterations:  2836
Warmup complete for histo_private_shared_memory_coarsening_interleaved
Execution time for histo_private_shared_memory_coarsening_interleaved: 4.153917 ms


-------------------------------
grid:  12672,     1,     1
block:   128,     1,     1

Grid-Stride Loop Iterations:  1891
Warmup complete for histo_private_shared_memory_coarsening_interleaved
Execution time for histo_private_shared_memory_coarsening_interleaved: 4.156837 ms


-------------------------------
grid:  16896,     1,     1
block:   128,     1,     1

Grid-Stride Loop Iterations:  1418
Warmup complete for histo_private_shared_memory_coarsening_interleaved
Execution time for histo_private_shared_memory_coarsening_interleaved: 4.164984 ms


-------------------------------
grid:  25344,     1,     1
block:   128,     1,     1

Grid-Stride Loop Iterations:   946
Warmup complete for histo_private_shared_memory_coarsening_interleaved
Execution time for histo_private_shared_memory_coarsening_interleaved: 4.156438 ms


-------------------------------
grid:  33792,     1,     1
block:   128,     1,     1

Grid-Stride Loop Iterations:   709
Warmup complete for histo_private_shared_memory_coarsening_interleaved
Execution time for histo_private_shared_memory_coarsening_interleaved: 4.175336 ms


-------------------------------
grid:  50688,     1,     1
block:   128,     1,     1

Grid-Stride Loop Iterations:   473
Warmup complete for histo_private_shared_memory_coarsening_interleaved
Execution time for histo_private_shared_memory_coarsening_interleaved: 4.176288 ms


-------------------------------
grid:  67584,     1,     1
block:   128,     1,     1

Grid-Stride Loop Iterations:   355
Warmup complete for histo_private_shared_memory_coarsening_interleaved
Execution time for histo_private_shared_memory_coarsening_interleaved: 4.162866 ms


-------------------------------
grid:  101376,     1,     1
block:   128,     1,     1

Grid-Stride Loop Iterations:   237
Warmup complete for histo_private_shared_memory_coarsening_interleaved
Execution time for histo_private_shared_memory_coarsening_interleaved: 4.155416 ms


-------------------------------
grid:  135168,     1,     1
block:   128,     1,     1

Grid-Stride Loop Iterations:   178
Warmup complete for histo_private_shared_memory_coarsening_interleaved
Execution time for histo_private_shared_memory_coarsening_interleaved: 4.166356 ms


-------------------------------
grid:  202752,     1,     1
block:   128,     1,     1

Grid-Stride Loop Iterations:   119
Warmup complete for histo_private_shared_memory_coarsening_interleaved
Execution time for histo_private_shared_memory_coarsening_interleaved: 4.175075 ms


-------------------------------
grid:  270336,     1,     1
block:   128,     1,     1

Grid-Stride Loop Iterations:    89
Warmup complete for histo_private_shared_memory_coarsening_interleaved
Execution time for histo_private_shared_memory_coarsening_interleaved: 4.184595 ms


-------------------------------

################################################################
Starting Benchmark for Block Size:   256
################################################################
grid:    132,     1,     1
block:   256,     1,     1

Grid-Stride Loop Iterations: 90730
Warmup complete for histo_private_shared_memory_coarsening_interleaved
Execution time for histo_private_shared_memory_coarsening_interleaved: 33.409161 ms


-------------------------------
grid:    264,     1,     1
block:   256,     1,     1

Grid-Stride Loop Iterations: 45365
Warmup complete for histo_private_shared_memory_coarsening_interleaved
Execution time for histo_private_shared_memory_coarsening_interleaved: 16.258732 ms


-------------------------------
grid:    528,     1,     1
block:   256,     1,     1

Grid-Stride Loop Iterations: 22683
Warmup complete for histo_private_shared_memory_coarsening_interleaved
Execution time for histo_private_shared_memory_coarsening_interleaved: 8.077456 ms


-------------------------------
grid:   1056,     1,     1
block:   256,     1,     1

Grid-Stride Loop Iterations: 11342
Warmup complete for histo_private_shared_memory_coarsening_interleaved
Execution time for histo_private_shared_memory_coarsening_interleaved: 4.154998 ms


-------------------------------
grid:   2112,     1,     1
block:   256,     1,     1

Grid-Stride Loop Iterations:  5671
Warmup complete for histo_private_shared_memory_coarsening_interleaved
Execution time for histo_private_shared_memory_coarsening_interleaved: 4.157809 ms


-------------------------------
grid:   4224,     1,     1
block:   256,     1,     1

Grid-Stride Loop Iterations:  2836
Warmup complete for histo_private_shared_memory_coarsening_interleaved
Execution time for histo_private_shared_memory_coarsening_interleaved: 4.159894 ms


-------------------------------
grid:   8448,     1,     1
block:   256,     1,     1

Grid-Stride Loop Iterations:  1418
Warmup complete for histo_private_shared_memory_coarsening_interleaved
Execution time for histo_private_shared_memory_coarsening_interleaved: 4.172354 ms


-------------------------------
grid:  12672,     1,     1
block:   256,     1,     1

Grid-Stride Loop Iterations:   946
Warmup complete for histo_private_shared_memory_coarsening_interleaved
Execution time for histo_private_shared_memory_coarsening_interleaved: 4.163210 ms


-------------------------------
grid:  16896,     1,     1
block:   256,     1,     1

Grid-Stride Loop Iterations:   709
Warmup complete for histo_private_shared_memory_coarsening_interleaved
Execution time for histo_private_shared_memory_coarsening_interleaved: 4.183009 ms


-------------------------------
grid:  25344,     1,     1
block:   256,     1,     1

Grid-Stride Loop Iterations:   473
Warmup complete for histo_private_shared_memory_coarsening_interleaved
Execution time for histo_private_shared_memory_coarsening_interleaved: 4.183743 ms


-------------------------------
grid:  33792,     1,     1
block:   256,     1,     1

Grid-Stride Loop Iterations:   355
Warmup complete for histo_private_shared_memory_coarsening_interleaved
Execution time for histo_private_shared_memory_coarsening_interleaved: 4.168378 ms


-------------------------------
grid:  50688,     1,     1
block:   256,     1,     1

Grid-Stride Loop Iterations:   237
Warmup complete for histo_private_shared_memory_coarsening_interleaved
Execution time for histo_private_shared_memory_coarsening_interleaved: 4.154774 ms


-------------------------------
grid:  67584,     1,     1
block:   256,     1,     1

Grid-Stride Loop Iterations:   178
Warmup complete for histo_private_shared_memory_coarsening_interleaved
Execution time for histo_private_shared_memory_coarsening_interleaved: 4.162303 ms


-------------------------------
grid:  101376,     1,     1
block:   256,     1,     1

Grid-Stride Loop Iterations:   119
Warmup complete for histo_private_shared_memory_coarsening_interleaved
Execution time for histo_private_shared_memory_coarsening_interleaved: 4.166676 ms


-------------------------------
grid:  135168,     1,     1
block:   256,     1,     1

Grid-Stride Loop Iterations:    89
Warmup complete for histo_private_shared_memory_coarsening_interleaved
Execution time for histo_private_shared_memory_coarsening_interleaved: 4.176289 ms


-------------------------------
grid:  202752,     1,     1
block:   256,     1,     1

Grid-Stride Loop Iterations:    60
Warmup complete for histo_private_shared_memory_coarsening_interleaved
Execution time for histo_private_shared_memory_coarsening_interleaved: 4.197563 ms


-------------------------------
grid:  270336,     1,     1
block:   256,     1,     1

Grid-Stride Loop Iterations:    45
Warmup complete for histo_private_shared_memory_coarsening_interleaved
Execution time for histo_private_shared_memory_coarsening_interleaved: 4.220544 ms


-------------------------------

################################################################
Starting Benchmark for Block Size:   512
################################################################
grid:    132,     1,     1
block:   512,     1,     1

Grid-Stride Loop Iterations: 45365
Warmup complete for histo_private_shared_memory_coarsening_interleaved
Execution time for histo_private_shared_memory_coarsening_interleaved: 16.291714 ms


-------------------------------
grid:    264,     1,     1
block:   512,     1,     1

Grid-Stride Loop Iterations: 22683
Warmup complete for histo_private_shared_memory_coarsening_interleaved
Execution time for histo_private_shared_memory_coarsening_interleaved: 8.087931 ms


-------------------------------
grid:    528,     1,     1
block:   512,     1,     1

Grid-Stride Loop Iterations: 11342
Warmup complete for histo_private_shared_memory_coarsening_interleaved
Execution time for histo_private_shared_memory_coarsening_interleaved: 4.159037 ms


-------------------------------
grid:   1056,     1,     1
block:   512,     1,     1

Grid-Stride Loop Iterations:  5671
Warmup complete for histo_private_shared_memory_coarsening_interleaved
Execution time for histo_private_shared_memory_coarsening_interleaved: 4.161785 ms


-------------------------------
grid:   2112,     1,     1
block:   512,     1,     1

Grid-Stride Loop Iterations:  2836
Warmup complete for histo_private_shared_memory_coarsening_interleaved
Execution time for histo_private_shared_memory_coarsening_interleaved: 4.165470 ms


-------------------------------
grid:   4224,     1,     1
block:   512,     1,     1

Grid-Stride Loop Iterations:  1418
Warmup complete for histo_private_shared_memory_coarsening_interleaved
Execution time for histo_private_shared_memory_coarsening_interleaved: 4.180740 ms


-------------------------------
grid:   8448,     1,     1
block:   512,     1,     1

Grid-Stride Loop Iterations:   709
Warmup complete for histo_private_shared_memory_coarsening_interleaved
Execution time for histo_private_shared_memory_coarsening_interleaved: 4.192324 ms


-------------------------------
grid:  12672,     1,     1
block:   512,     1,     1

Grid-Stride Loop Iterations:   473
Warmup complete for histo_private_shared_memory_coarsening_interleaved
Execution time for histo_private_shared_memory_coarsening_interleaved: 4.196809 ms


-------------------------------
grid:  16896,     1,     1
block:   512,     1,     1

Grid-Stride Loop Iterations:   355
Warmup complete for histo_private_shared_memory_coarsening_interleaved
Execution time for histo_private_shared_memory_coarsening_interleaved: 4.182663 ms


-------------------------------
grid:  25344,     1,     1
block:   512,     1,     1

Grid-Stride Loop Iterations:   237
Warmup complete for histo_private_shared_memory_coarsening_interleaved
Execution time for histo_private_shared_memory_coarsening_interleaved: 4.168291 ms


-------------------------------
grid:  33792,     1,     1
block:   512,     1,     1

Grid-Stride Loop Iterations:   178
Warmup complete for histo_private_shared_memory_coarsening_interleaved
Execution time for histo_private_shared_memory_coarsening_interleaved: 4.179121 ms


-------------------------------
grid:  50688,     1,     1
block:   512,     1,     1

Grid-Stride Loop Iterations:   119
Warmup complete for histo_private_shared_memory_coarsening_interleaved
Execution time for histo_private_shared_memory_coarsening_interleaved: 4.186963 ms


-------------------------------
grid:  67584,     1,     1
block:   512,     1,     1

Grid-Stride Loop Iterations:    89
Warmup complete for histo_private_shared_memory_coarsening_interleaved
Execution time for histo_private_shared_memory_coarsening_interleaved: 4.202665 ms


-------------------------------
grid:  101376,     1,     1
block:   512,     1,     1

Grid-Stride Loop Iterations:    60
Warmup complete for histo_private_shared_memory_coarsening_interleaved
Execution time for histo_private_shared_memory_coarsening_interleaved: 4.231771 ms


-------------------------------
grid:  135168,     1,     1
block:   512,     1,     1

Grid-Stride Loop Iterations:    45
Warmup complete for histo_private_shared_memory_coarsening_interleaved
Execution time for histo_private_shared_memory_coarsening_interleaved: 4.263558 ms


-------------------------------
grid:  202752,     1,     1
block:   512,     1,     1

Grid-Stride Loop Iterations:    30
Warmup complete for histo_private_shared_memory_coarsening_interleaved
Execution time for histo_private_shared_memory_coarsening_interleaved: 4.322142 ms


-------------------------------
grid:  270336,     1,     1
block:   512,     1,     1

Grid-Stride Loop Iterations:    23
Warmup complete for histo_private_shared_memory_coarsening_interleaved
Execution time for histo_private_shared_memory_coarsening_interleaved: 4.380766 ms


-------------------------------

################################################################
Starting Benchmark for Block Size:  1024
################################################################
grid:    132,     1,     1
block:  1024,     1,     1

Grid-Stride Loop Iterations: 22683
Warmup complete for histo_private_shared_memory_coarsening_interleaved
Execution time for histo_private_shared_memory_coarsening_interleaved: 8.087109 ms


-------------------------------
grid:    264,     1,     1
block:  1024,     1,     1

Grid-Stride Loop Iterations: 11342
Warmup complete for histo_private_shared_memory_coarsening_interleaved
Execution time for histo_private_shared_memory_coarsening_interleaved: 4.152962 ms


-------------------------------
grid:    528,     1,     1
block:  1024,     1,     1

Grid-Stride Loop Iterations:  5671
Warmup complete for histo_private_shared_memory_coarsening_interleaved
Execution time for histo_private_shared_memory_coarsening_interleaved: 4.162688 ms


-------------------------------
grid:   1056,     1,     1
block:  1024,     1,     1

Grid-Stride Loop Iterations:  2836
Warmup complete for histo_private_shared_memory_coarsening_interleaved
Execution time for histo_private_shared_memory_coarsening_interleaved: 4.169999 ms


-------------------------------
grid:   2112,     1,     1
block:  1024,     1,     1

Grid-Stride Loop Iterations:  1418
Warmup complete for histo_private_shared_memory_coarsening_interleaved
Execution time for histo_private_shared_memory_coarsening_interleaved: 4.185810 ms


-------------------------------
grid:   4224,     1,     1
block:  1024,     1,     1

Grid-Stride Loop Iterations:   709
Warmup complete for histo_private_shared_memory_coarsening_interleaved
Execution time for histo_private_shared_memory_coarsening_interleaved: 4.201425 ms


-------------------------------
grid:   8448,     1,     1
block:  1024,     1,     1

Grid-Stride Loop Iterations:   355
Warmup complete for histo_private_shared_memory_coarsening_interleaved
Execution time for histo_private_shared_memory_coarsening_interleaved: 4.195045 ms


-------------------------------
grid:  12672,     1,     1
block:  1024,     1,     1

Grid-Stride Loop Iterations:   237
Warmup complete for histo_private_shared_memory_coarsening_interleaved
Execution time for histo_private_shared_memory_coarsening_interleaved: 4.181030 ms


-------------------------------
grid:  16896,     1,     1
block:  1024,     1,     1

Grid-Stride Loop Iterations:   178
Warmup complete for histo_private_shared_memory_coarsening_interleaved
Execution time for histo_private_shared_memory_coarsening_interleaved: 4.193143 ms


-------------------------------
grid:  25344,     1,     1
block:  1024,     1,     1

Grid-Stride Loop Iterations:   119
Warmup complete for histo_private_shared_memory_coarsening_interleaved
Execution time for histo_private_shared_memory_coarsening_interleaved: 4.208184 ms


-------------------------------
grid:  33792,     1,     1
block:  1024,     1,     1

Grid-Stride Loop Iterations:    89
Warmup complete for histo_private_shared_memory_coarsening_interleaved
Execution time for histo_private_shared_memory_coarsening_interleaved: 4.229494 ms


-------------------------------
grid:  50688,     1,     1
block:  1024,     1,     1

Grid-Stride Loop Iterations:    60
Warmup complete for histo_private_shared_memory_coarsening_interleaved
Execution time for histo_private_shared_memory_coarsening_interleaved: 4.266615 ms


-------------------------------
grid:  67584,     1,     1
block:  1024,     1,     1

Grid-Stride Loop Iterations:    45
Warmup complete for histo_private_shared_memory_coarsening_interleaved
Execution time for histo_private_shared_memory_coarsening_interleaved: 4.305995 ms


-------------------------------
grid:  101376,     1,     1
block:  1024,     1,     1

Grid-Stride Loop Iterations:    30
Warmup complete for histo_private_shared_memory_coarsening_interleaved
Execution time for histo_private_shared_memory_coarsening_interleaved: 4.377336 ms


-------------------------------
grid:  135168,     1,     1
block:  1024,     1,     1

Grid-Stride Loop Iterations:    23
Warmup complete for histo_private_shared_memory_coarsening_interleaved
Execution time for histo_private_shared_memory_coarsening_interleaved: 4.447514 ms


-------------------------------
grid:  202752,     1,     1
block:  1024,     1,     1

Grid-Stride Loop Iterations:    15
Warmup complete for histo_private_shared_memory_coarsening_interleaved
Execution time for histo_private_shared_memory_coarsening_interleaved: 4.593871 ms


-------------------------------
grid:  270336,     1,     1
block:  1024,     1,     1

Grid-Stride Loop Iterations:    12
Warmup complete for histo_private_shared_memory_coarsening_interleaved
Execution time for histo_private_shared_memory_coarsening_interleaved: 4.720809 ms


-------------------------------
