Currently using CUDA device 0: NVIDIA H200
Number of SMs: 132
Text length to process: 306594000 characters
grid:   4224,     1,     1
block:   256,     1,     1

[histo_cpu]
a:    17782  b:     3215  c:     4958  d:    10103  e:    26748  f:     4430  g:     4828  
h:    12743  i:    13527  j:      290  k:     2062  l:     8592  m:     5481  n:    15041  
o:    17045  p:     3322  q:      166  r:    12463  s:    13051  t:    19505  u:     6296  
v:     1987  w:     5226  x:      315  y:     4682  z:      147  
[histo_gpu]
a:    17782  b:     3215  c:     4958  d:    10103  e:    26748  f:     4430  g:     4828  
h:    12743  i:    13527  j:      290  k:     2062  l:     8592  m:     5481  n:    15041  
o:    17045  p:     3322  q:      166  r:    12463  s:    13051  t:    19505  u:     6296  
v:     1987  w:     5226  x:      315  y:     4682  z:      147  

################################################################
Starting Benchmark for Block Size:    32
################################################################
grid:    132,     1,     1
block:    32,     1,     1

Grid-Stride Loop Iterations: 72584
Warmup complete for histo_private_shared_memory_coarsening_interleaved
Execution time for histo_private_shared_memory_coarsening_interleaved: 29.094488 ms


-------------------------------
grid:    264,     1,     1
block:    32,     1,     1

Grid-Stride Loop Iterations: 36292
Warmup complete for histo_private_shared_memory_coarsening_interleaved
Execution time for histo_private_shared_memory_coarsening_interleaved: 14.615258 ms


-------------------------------
grid:    528,     1,     1
block:    32,     1,     1

Grid-Stride Loop Iterations: 18146
Warmup complete for histo_private_shared_memory_coarsening_interleaved
Execution time for histo_private_shared_memory_coarsening_interleaved: 7.314119 ms


-------------------------------
grid:   1056,     1,     1
block:    32,     1,     1

Grid-Stride Loop Iterations:  9073
Warmup complete for histo_private_shared_memory_coarsening_interleaved
Execution time for histo_private_shared_memory_coarsening_interleaved: 3.616262 ms


-------------------------------
grid:   2112,     1,     1
block:    32,     1,     1

Grid-Stride Loop Iterations:  4537
Warmup complete for histo_private_shared_memory_coarsening_interleaved
Execution time for histo_private_shared_memory_coarsening_interleaved: 1.801112 ms


-------------------------------
grid:   4224,     1,     1
block:    32,     1,     1

Grid-Stride Loop Iterations:  2269
Warmup complete for histo_private_shared_memory_coarsening_interleaved
Execution time for histo_private_shared_memory_coarsening_interleaved: 0.905263 ms


-------------------------------
grid:   8448,     1,     1
block:    32,     1,     1

Grid-Stride Loop Iterations:  1135
Warmup complete for histo_private_shared_memory_coarsening_interleaved
Execution time for histo_private_shared_memory_coarsening_interleaved: 0.913443 ms


-------------------------------
grid:  12672,     1,     1
block:    32,     1,     1

Grid-Stride Loop Iterations:   757
Warmup complete for histo_private_shared_memory_coarsening_interleaved
Execution time for histo_private_shared_memory_coarsening_interleaved: 0.917062 ms


-------------------------------
grid:  16896,     1,     1
block:    32,     1,     1

Grid-Stride Loop Iterations:   568
Warmup complete for histo_private_shared_memory_coarsening_interleaved
Execution time for histo_private_shared_memory_coarsening_interleaved: 0.921387 ms


-------------------------------
grid:  25344,     1,     1
block:    32,     1,     1

Grid-Stride Loop Iterations:   379
Warmup complete for histo_private_shared_memory_coarsening_interleaved
Execution time for histo_private_shared_memory_coarsening_interleaved: 0.921589 ms


-------------------------------
grid:  33792,     1,     1
block:    32,     1,     1

Grid-Stride Loop Iterations:   284
Warmup complete for histo_private_shared_memory_coarsening_interleaved
Execution time for histo_private_shared_memory_coarsening_interleaved: 0.924882 ms


-------------------------------
grid:  50688,     1,     1
block:    32,     1,     1

Grid-Stride Loop Iterations:   190
Warmup complete for histo_private_shared_memory_coarsening_interleaved
Execution time for histo_private_shared_memory_coarsening_interleaved: 0.925395 ms


-------------------------------
grid:  67584,     1,     1
block:    32,     1,     1

Grid-Stride Loop Iterations:   142
Warmup complete for histo_private_shared_memory_coarsening_interleaved
Execution time for histo_private_shared_memory_coarsening_interleaved: 0.920958 ms


-------------------------------
grid:  101376,     1,     1
block:    32,     1,     1

Grid-Stride Loop Iterations:    95
Warmup complete for histo_private_shared_memory_coarsening_interleaved
Execution time for histo_private_shared_memory_coarsening_interleaved: 0.916420 ms


-------------------------------
grid:  135168,     1,     1
block:    32,     1,     1

Grid-Stride Loop Iterations:    71
Warmup complete for histo_private_shared_memory_coarsening_interleaved
Execution time for histo_private_shared_memory_coarsening_interleaved: 0.907157 ms


-------------------------------
grid:  202752,     1,     1
block:    32,     1,     1

Grid-Stride Loop Iterations:    48
Warmup complete for histo_private_shared_memory_coarsening_interleaved
Execution time for histo_private_shared_memory_coarsening_interleaved: 0.919642 ms


-------------------------------
grid:  270336,     1,     1
block:    32,     1,     1

Grid-Stride Loop Iterations:    36
Warmup complete for histo_private_shared_memory_coarsening_interleaved
Execution time for histo_private_shared_memory_coarsening_interleaved: 0.924077 ms


-------------------------------

################################################################
Starting Benchmark for Block Size:    64
################################################################
grid:    132,     1,     1
block:    64,     1,     1

Grid-Stride Loop Iterations: 36292
Warmup complete for histo_private_shared_memory_coarsening_interleaved
Execution time for histo_private_shared_memory_coarsening_interleaved: 14.862717 ms


-------------------------------
grid:    264,     1,     1
block:    64,     1,     1

Grid-Stride Loop Iterations: 18146
Warmup complete for histo_private_shared_memory_coarsening_interleaved
Execution time for histo_private_shared_memory_coarsening_interleaved: 7.461939 ms


-------------------------------
grid:    528,     1,     1
block:    64,     1,     1

Grid-Stride Loop Iterations:  9073
Warmup complete for histo_private_shared_memory_coarsening_interleaved
Execution time for histo_private_shared_memory_coarsening_interleaved: 3.707058 ms


-------------------------------
grid:   1056,     1,     1
block:    64,     1,     1

Grid-Stride Loop Iterations:  4537
Warmup complete for histo_private_shared_memory_coarsening_interleaved
Execution time for histo_private_shared_memory_coarsening_interleaved: 1.837777 ms


-------------------------------
grid:   2112,     1,     1
block:    64,     1,     1

Grid-Stride Loop Iterations:  2269
Warmup complete for histo_private_shared_memory_coarsening_interleaved
Execution time for histo_private_shared_memory_coarsening_interleaved: 0.917461 ms


-------------------------------
grid:   4224,     1,     1
block:    64,     1,     1

Grid-Stride Loop Iterations:  1135
Warmup complete for histo_private_shared_memory_coarsening_interleaved
Execution time for histo_private_shared_memory_coarsening_interleaved: 0.474415 ms


-------------------------------
grid:   8448,     1,     1
block:    64,     1,     1

Grid-Stride Loop Iterations:   568
Warmup complete for histo_private_shared_memory_coarsening_interleaved
Execution time for histo_private_shared_memory_coarsening_interleaved: 0.480504 ms


-------------------------------
grid:  12672,     1,     1
block:    64,     1,     1

Grid-Stride Loop Iterations:   379
Warmup complete for histo_private_shared_memory_coarsening_interleaved
Execution time for histo_private_shared_memory_coarsening_interleaved: 0.483003 ms


-------------------------------
grid:  16896,     1,     1
block:    64,     1,     1

Grid-Stride Loop Iterations:   284
Warmup complete for histo_private_shared_memory_coarsening_interleaved
Execution time for histo_private_shared_memory_coarsening_interleaved: 0.485816 ms


-------------------------------
grid:  25344,     1,     1
block:    64,     1,     1

Grid-Stride Loop Iterations:   190
Warmup complete for histo_private_shared_memory_coarsening_interleaved
Execution time for histo_private_shared_memory_coarsening_interleaved: 0.489692 ms


-------------------------------
grid:  33792,     1,     1
block:    64,     1,     1

Grid-Stride Loop Iterations:   142
Warmup complete for histo_private_shared_memory_coarsening_interleaved
Execution time for histo_private_shared_memory_coarsening_interleaved: 0.490787 ms


-------------------------------
grid:  50688,     1,     1
block:    64,     1,     1

Grid-Stride Loop Iterations:    95
Warmup complete for histo_private_shared_memory_coarsening_interleaved
Execution time for histo_private_shared_memory_coarsening_interleaved: 0.496134 ms


-------------------------------
grid:  67584,     1,     1
block:    64,     1,     1

Grid-Stride Loop Iterations:    71
Warmup complete for histo_private_shared_memory_coarsening_interleaved
Execution time for histo_private_shared_memory_coarsening_interleaved: 0.494017 ms


-------------------------------
grid:  101376,     1,     1
block:    64,     1,     1

Grid-Stride Loop Iterations:    48
Warmup complete for histo_private_shared_memory_coarsening_interleaved
Execution time for histo_private_shared_memory_coarsening_interleaved: 0.496084 ms


-------------------------------
grid:  135168,     1,     1
block:    64,     1,     1

Grid-Stride Loop Iterations:    36
Warmup complete for histo_private_shared_memory_coarsening_interleaved
Execution time for histo_private_shared_memory_coarsening_interleaved: 0.496890 ms


-------------------------------
grid:  202752,     1,     1
block:    64,     1,     1

Grid-Stride Loop Iterations:    24
Warmup complete for histo_private_shared_memory_coarsening_interleaved
Execution time for histo_private_shared_memory_coarsening_interleaved: 0.629152 ms


-------------------------------
grid:  270336,     1,     1
block:    64,     1,     1

Grid-Stride Loop Iterations:    18
Warmup complete for histo_private_shared_memory_coarsening_interleaved
Execution time for histo_private_shared_memory_coarsening_interleaved: 0.822569 ms


-------------------------------

################################################################
Starting Benchmark for Block Size:   128
################################################################
grid:    132,     1,     1
block:   128,     1,     1

Grid-Stride Loop Iterations: 18146
Warmup complete for histo_private_shared_memory_coarsening_interleaved
Execution time for histo_private_shared_memory_coarsening_interleaved: 7.531657 ms


-------------------------------
grid:    264,     1,     1
block:   128,     1,     1

Grid-Stride Loop Iterations:  9073
Warmup complete for histo_private_shared_memory_coarsening_interleaved
Execution time for histo_private_shared_memory_coarsening_interleaved: 3.748897 ms


-------------------------------
grid:    528,     1,     1
block:   128,     1,     1

Grid-Stride Loop Iterations:  4537
Warmup complete for histo_private_shared_memory_coarsening_interleaved
Execution time for histo_private_shared_memory_coarsening_interleaved: 1.852510 ms


-------------------------------
grid:   1056,     1,     1
block:   128,     1,     1

Grid-Stride Loop Iterations:  2269
Warmup complete for histo_private_shared_memory_coarsening_interleaved
Execution time for histo_private_shared_memory_coarsening_interleaved: 0.920630 ms


-------------------------------
grid:   2112,     1,     1
block:   128,     1,     1

Grid-Stride Loop Iterations:  1135
Warmup complete for histo_private_shared_memory_coarsening_interleaved
Execution time for histo_private_shared_memory_coarsening_interleaved: 0.474624 ms


-------------------------------
grid:   4224,     1,     1
block:   128,     1,     1

Grid-Stride Loop Iterations:   568
Warmup complete for histo_private_shared_memory_coarsening_interleaved
Execution time for histo_private_shared_memory_coarsening_interleaved: 0.477892 ms


-------------------------------
grid:   8448,     1,     1
block:   128,     1,     1

Grid-Stride Loop Iterations:   284
Warmup complete for histo_private_shared_memory_coarsening_interleaved
Execution time for histo_private_shared_memory_coarsening_interleaved: 0.480425 ms


-------------------------------
grid:  12672,     1,     1
block:   128,     1,     1

Grid-Stride Loop Iterations:   190
Warmup complete for histo_private_shared_memory_coarsening_interleaved
Execution time for histo_private_shared_memory_coarsening_interleaved: 0.481274 ms


-------------------------------
grid:  16896,     1,     1
block:   128,     1,     1

Grid-Stride Loop Iterations:   142
Warmup complete for histo_private_shared_memory_coarsening_interleaved
Execution time for histo_private_shared_memory_coarsening_interleaved: 0.484871 ms


-------------------------------
grid:  25344,     1,     1
block:   128,     1,     1

Grid-Stride Loop Iterations:    95
Warmup complete for histo_private_shared_memory_coarsening_interleaved
Execution time for histo_private_shared_memory_coarsening_interleaved: 0.485610 ms


-------------------------------
grid:  33792,     1,     1
block:   128,     1,     1

Grid-Stride Loop Iterations:    71
Warmup complete for histo_private_shared_memory_coarsening_interleaved
Execution time for histo_private_shared_memory_coarsening_interleaved: 0.488348 ms


-------------------------------
grid:  50688,     1,     1
block:   128,     1,     1

Grid-Stride Loop Iterations:    48
Warmup complete for histo_private_shared_memory_coarsening_interleaved
Execution time for histo_private_shared_memory_coarsening_interleaved: 0.488672 ms


-------------------------------
grid:  67584,     1,     1
block:   128,     1,     1

Grid-Stride Loop Iterations:    36
Warmup complete for histo_private_shared_memory_coarsening_interleaved
Execution time for histo_private_shared_memory_coarsening_interleaved: 0.488461 ms


-------------------------------
grid:  101376,     1,     1
block:   128,     1,     1

Grid-Stride Loop Iterations:    24
Warmup complete for histo_private_shared_memory_coarsening_interleaved
Execution time for histo_private_shared_memory_coarsening_interleaved: 0.492977 ms


-------------------------------
grid:  135168,     1,     1
block:   128,     1,     1

Grid-Stride Loop Iterations:    18
Warmup complete for histo_private_shared_memory_coarsening_interleaved
Execution time for histo_private_shared_memory_coarsening_interleaved: 0.498810 ms


-------------------------------
grid:  202752,     1,     1
block:   128,     1,     1

Grid-Stride Loop Iterations:    12
Warmup complete for histo_private_shared_memory_coarsening_interleaved
Execution time for histo_private_shared_memory_coarsening_interleaved: 0.621266 ms


-------------------------------
grid:  270336,     1,     1
block:   128,     1,     1

Grid-Stride Loop Iterations:     9
Warmup complete for histo_private_shared_memory_coarsening_interleaved
Execution time for histo_private_shared_memory_coarsening_interleaved: 0.816859 ms


-------------------------------

################################################################
Starting Benchmark for Block Size:   256
################################################################
grid:    132,     1,     1
block:   256,     1,     1

Grid-Stride Loop Iterations:  9073
Warmup complete for histo_private_shared_memory_coarsening_interleaved
Execution time for histo_private_shared_memory_coarsening_interleaved: 3.750468 ms


-------------------------------
grid:    264,     1,     1
block:   256,     1,     1

Grid-Stride Loop Iterations:  4537
Warmup complete for histo_private_shared_memory_coarsening_interleaved
Execution time for histo_private_shared_memory_coarsening_interleaved: 1.852135 ms


-------------------------------
grid:    528,     1,     1
block:   256,     1,     1

Grid-Stride Loop Iterations:  2269
Warmup complete for histo_private_shared_memory_coarsening_interleaved
Execution time for histo_private_shared_memory_coarsening_interleaved: 0.921411 ms


-------------------------------
grid:   1056,     1,     1
block:   256,     1,     1

Grid-Stride Loop Iterations:  1135
Warmup complete for histo_private_shared_memory_coarsening_interleaved
Execution time for histo_private_shared_memory_coarsening_interleaved: 0.474825 ms


-------------------------------
grid:   2112,     1,     1
block:   256,     1,     1

Grid-Stride Loop Iterations:   568
Warmup complete for histo_private_shared_memory_coarsening_interleaved
Execution time for histo_private_shared_memory_coarsening_interleaved: 0.478319 ms


-------------------------------
grid:   4224,     1,     1
block:   256,     1,     1

Grid-Stride Loop Iterations:   284
Warmup complete for histo_private_shared_memory_coarsening_interleaved
Execution time for histo_private_shared_memory_coarsening_interleaved: 0.481203 ms


-------------------------------
grid:   8448,     1,     1
block:   256,     1,     1

Grid-Stride Loop Iterations:   142
Warmup complete for histo_private_shared_memory_coarsening_interleaved
Execution time for histo_private_shared_memory_coarsening_interleaved: 0.486663 ms


-------------------------------
grid:  12672,     1,     1
block:   256,     1,     1

Grid-Stride Loop Iterations:    95
Warmup complete for histo_private_shared_memory_coarsening_interleaved
Execution time for histo_private_shared_memory_coarsening_interleaved: 0.486128 ms


-------------------------------
grid:  16896,     1,     1
block:   256,     1,     1

Grid-Stride Loop Iterations:    71
Warmup complete for histo_private_shared_memory_coarsening_interleaved
Execution time for histo_private_shared_memory_coarsening_interleaved: 0.490986 ms


-------------------------------
grid:  25344,     1,     1
block:   256,     1,     1

Grid-Stride Loop Iterations:    48
Warmup complete for histo_private_shared_memory_coarsening_interleaved
Execution time for histo_private_shared_memory_coarsening_interleaved: 0.490836 ms


-------------------------------
grid:  33792,     1,     1
block:   256,     1,     1

Grid-Stride Loop Iterations:    36
Warmup complete for histo_private_shared_memory_coarsening_interleaved
Execution time for histo_private_shared_memory_coarsening_interleaved: 0.490943 ms


-------------------------------
grid:  50688,     1,     1
block:   256,     1,     1

Grid-Stride Loop Iterations:    24
Warmup complete for histo_private_shared_memory_coarsening_interleaved
Execution time for histo_private_shared_memory_coarsening_interleaved: 0.495272 ms


-------------------------------
grid:  67584,     1,     1
block:   256,     1,     1

Grid-Stride Loop Iterations:    18
Warmup complete for histo_private_shared_memory_coarsening_interleaved
Execution time for histo_private_shared_memory_coarsening_interleaved: 0.501177 ms


-------------------------------
grid:  101376,     1,     1
block:   256,     1,     1

Grid-Stride Loop Iterations:    12
Warmup complete for histo_private_shared_memory_coarsening_interleaved
Execution time for histo_private_shared_memory_coarsening_interleaved: 0.511717 ms


-------------------------------
grid:  135168,     1,     1
block:   256,     1,     1

Grid-Stride Loop Iterations:     9
Warmup complete for histo_private_shared_memory_coarsening_interleaved
Execution time for histo_private_shared_memory_coarsening_interleaved: 0.525316 ms


-------------------------------
grid:  202752,     1,     1
block:   256,     1,     1

Grid-Stride Loop Iterations:     6
Warmup complete for histo_private_shared_memory_coarsening_interleaved
Execution time for histo_private_shared_memory_coarsening_interleaved: 0.618262 ms


-------------------------------
grid:  270336,     1,     1
block:   256,     1,     1

Grid-Stride Loop Iterations:     5
Warmup complete for histo_private_shared_memory_coarsening_interleaved
Execution time for histo_private_shared_memory_coarsening_interleaved: 0.815169 ms


-------------------------------

################################################################
Starting Benchmark for Block Size:   512
################################################################
grid:    132,     1,     1
block:   512,     1,     1

Grid-Stride Loop Iterations:  4537
Warmup complete for histo_private_shared_memory_coarsening_interleaved
Execution time for histo_private_shared_memory_coarsening_interleaved: 1.854253 ms


-------------------------------
grid:    264,     1,     1
block:   512,     1,     1

Grid-Stride Loop Iterations:  2269
Warmup complete for histo_private_shared_memory_coarsening_interleaved
Execution time for histo_private_shared_memory_coarsening_interleaved: 0.920110 ms


-------------------------------
grid:    528,     1,     1
block:   512,     1,     1

Grid-Stride Loop Iterations:  1135
Warmup complete for histo_private_shared_memory_coarsening_interleaved
Execution time for histo_private_shared_memory_coarsening_interleaved: 0.474421 ms


-------------------------------
grid:   1056,     1,     1
block:   512,     1,     1

Grid-Stride Loop Iterations:   568
Warmup complete for histo_private_shared_memory_coarsening_interleaved
Execution time for histo_private_shared_memory_coarsening_interleaved: 0.478681 ms


-------------------------------
grid:   2112,     1,     1
block:   512,     1,     1

Grid-Stride Loop Iterations:   284
Warmup complete for histo_private_shared_memory_coarsening_interleaved
Execution time for histo_private_shared_memory_coarsening_interleaved: 0.482530 ms


-------------------------------
grid:   4224,     1,     1
block:   512,     1,     1

Grid-Stride Loop Iterations:   142
Warmup complete for histo_private_shared_memory_coarsening_interleaved
Execution time for histo_private_shared_memory_coarsening_interleaved: 0.488518 ms


-------------------------------
grid:   8448,     1,     1
block:   512,     1,     1

Grid-Stride Loop Iterations:    71
Warmup complete for histo_private_shared_memory_coarsening_interleaved
Execution time for histo_private_shared_memory_coarsening_interleaved: 0.494782 ms


-------------------------------
grid:  12672,     1,     1
block:   512,     1,     1

Grid-Stride Loop Iterations:    48
Warmup complete for histo_private_shared_memory_coarsening_interleaved
Execution time for histo_private_shared_memory_coarsening_interleaved: 0.495599 ms


-------------------------------
grid:  16896,     1,     1
block:   512,     1,     1

Grid-Stride Loop Iterations:    36
Warmup complete for histo_private_shared_memory_coarsening_interleaved
Execution time for histo_private_shared_memory_coarsening_interleaved: 0.496534 ms


-------------------------------
grid:  25344,     1,     1
block:   512,     1,     1

Grid-Stride Loop Iterations:    24
Warmup complete for histo_private_shared_memory_coarsening_interleaved
Execution time for histo_private_shared_memory_coarsening_interleaved: 0.502114 ms


-------------------------------
grid:  33792,     1,     1
block:   512,     1,     1

Grid-Stride Loop Iterations:    18
Warmup complete for histo_private_shared_memory_coarsening_interleaved
Execution time for histo_private_shared_memory_coarsening_interleaved: 0.509229 ms


-------------------------------
grid:  50688,     1,     1
block:   512,     1,     1

Grid-Stride Loop Iterations:    12
Warmup complete for histo_private_shared_memory_coarsening_interleaved
Execution time for histo_private_shared_memory_coarsening_interleaved: 0.521118 ms


-------------------------------
grid:  67584,     1,     1
block:   512,     1,     1

Grid-Stride Loop Iterations:     9
Warmup complete for histo_private_shared_memory_coarsening_interleaved
Execution time for histo_private_shared_memory_coarsening_interleaved: 0.536506 ms


-------------------------------
grid:  101376,     1,     1
block:   512,     1,     1

Grid-Stride Loop Iterations:     6
Warmup complete for histo_private_shared_memory_coarsening_interleaved
Execution time for histo_private_shared_memory_coarsening_interleaved: 0.561887 ms


-------------------------------
grid:  135168,     1,     1
block:   512,     1,     1

Grid-Stride Loop Iterations:     5
Warmup complete for histo_private_shared_memory_coarsening_interleaved
Execution time for histo_private_shared_memory_coarsening_interleaved: 0.589159 ms


-------------------------------
grid:  202752,     1,     1
block:   512,     1,     1

Grid-Stride Loop Iterations:     3
Warmup complete for histo_private_shared_memory_coarsening_interleaved
Execution time for histo_private_shared_memory_coarsening_interleaved: 0.645961 ms


-------------------------------
grid:  270336,     1,     1
block:   512,     1,     1

Grid-Stride Loop Iterations:     3
Warmup complete for histo_private_shared_memory_coarsening_interleaved
Execution time for histo_private_shared_memory_coarsening_interleaved: 0.823243 ms


-------------------------------

################################################################
Starting Benchmark for Block Size:  1024
################################################################
grid:    132,     1,     1
block:  1024,     1,     1

Grid-Stride Loop Iterations:  2269
Warmup complete for histo_private_shared_memory_coarsening_interleaved
Execution time for histo_private_shared_memory_coarsening_interleaved: 0.924476 ms


-------------------------------
grid:    264,     1,     1
block:  1024,     1,     1

Grid-Stride Loop Iterations:  1135
Warmup complete for histo_private_shared_memory_coarsening_interleaved
Execution time for histo_private_shared_memory_coarsening_interleaved: 0.475375 ms


-------------------------------
grid:    528,     1,     1
block:  1024,     1,     1

Grid-Stride Loop Iterations:   568
Warmup complete for histo_private_shared_memory_coarsening_interleaved
Execution time for histo_private_shared_memory_coarsening_interleaved: 0.479435 ms


-------------------------------
grid:   1056,     1,     1
block:  1024,     1,     1

Grid-Stride Loop Iterations:   284
Warmup complete for histo_private_shared_memory_coarsening_interleaved
Execution time for histo_private_shared_memory_coarsening_interleaved: 0.483534 ms


-------------------------------
grid:   2112,     1,     1
block:  1024,     1,     1

Grid-Stride Loop Iterations:   142
Warmup complete for histo_private_shared_memory_coarsening_interleaved
Execution time for histo_private_shared_memory_coarsening_interleaved: 0.490534 ms


-------------------------------
grid:   4224,     1,     1
block:  1024,     1,     1

Grid-Stride Loop Iterations:    71
Warmup complete for histo_private_shared_memory_coarsening_interleaved
Execution time for histo_private_shared_memory_coarsening_interleaved: 0.498358 ms


-------------------------------
grid:   8448,     1,     1
block:  1024,     1,     1

Grid-Stride Loop Iterations:    36
Warmup complete for histo_private_shared_memory_coarsening_interleaved
Execution time for histo_private_shared_memory_coarsening_interleaved: 0.502445 ms


-------------------------------
grid:  12672,     1,     1
block:  1024,     1,     1

Grid-Stride Loop Iterations:    24
Warmup complete for histo_private_shared_memory_coarsening_interleaved
Execution time for histo_private_shared_memory_coarsening_interleaved: 0.509620 ms


-------------------------------
grid:  16896,     1,     1
block:  1024,     1,     1

Grid-Stride Loop Iterations:    18
Warmup complete for histo_private_shared_memory_coarsening_interleaved
Execution time for histo_private_shared_memory_coarsening_interleaved: 0.518332 ms


-------------------------------
grid:  25344,     1,     1
block:  1024,     1,     1

Grid-Stride Loop Iterations:    12
Warmup complete for histo_private_shared_memory_coarsening_interleaved
Execution time for histo_private_shared_memory_coarsening_interleaved: 0.532648 ms


-------------------------------
grid:  33792,     1,     1
block:  1024,     1,     1

Grid-Stride Loop Iterations:     9
Warmup complete for histo_private_shared_memory_coarsening_interleaved
Execution time for histo_private_shared_memory_coarsening_interleaved: 0.550813 ms


-------------------------------
grid:  50688,     1,     1
block:  1024,     1,     1

Grid-Stride Loop Iterations:     6
Warmup complete for histo_private_shared_memory_coarsening_interleaved
Execution time for histo_private_shared_memory_coarsening_interleaved: 0.579782 ms


-------------------------------
grid:  67584,     1,     1
block:  1024,     1,     1

Grid-Stride Loop Iterations:     5
Warmup complete for histo_private_shared_memory_coarsening_interleaved
Execution time for histo_private_shared_memory_coarsening_interleaved: 0.609119 ms


-------------------------------
grid:  101376,     1,     1
block:  1024,     1,     1

Grid-Stride Loop Iterations:     3
Warmup complete for histo_private_shared_memory_coarsening_interleaved
Execution time for histo_private_shared_memory_coarsening_interleaved: 0.669124 ms


-------------------------------
grid:  135168,     1,     1
block:  1024,     1,     1

Grid-Stride Loop Iterations:     3
Warmup complete for histo_private_shared_memory_coarsening_interleaved
Execution time for histo_private_shared_memory_coarsening_interleaved: 0.728281 ms


-------------------------------
grid:  202752,     1,     1
block:  1024,     1,     1

Grid-Stride Loop Iterations:     2
Warmup complete for histo_private_shared_memory_coarsening_interleaved
Execution time for histo_private_shared_memory_coarsening_interleaved: 0.847623 ms


-------------------------------
grid:  270336,     1,     1
block:  1024,     1,     1

Grid-Stride Loop Iterations:     2
Warmup complete for histo_private_shared_memory_coarsening_interleaved
Execution time for histo_private_shared_memory_coarsening_interleaved: 0.967780 ms


-------------------------------
